{"numTotalTestSuites":2,"numPassedTestSuites":2,"numFailedTestSuites":0,"numPendingTestSuites":0,"numTotalTests":28,"numPassedTests":28,"numFailedTests":0,"numPendingTests":0,"numTodoTests":0,"snapshot":{"added":0,"failure":false,"filesAdded":0,"filesRemoved":0,"filesRemovedList":[],"filesUnmatched":0,"filesUpdated":0,"matched":0,"total":0,"unchecked":0,"uncheckedKeysByFile":[],"unmatched":0,"updated":0,"didUpdate":false},"startTime":1766901796912,"success":true,"testResults":[{"assertionResults":[{"ancestorTitles":["propagateSubmachines - REAL TESTS"],"fullName":"propagateSubmachines - REAL TESTS should route events to deepest active child first","status":"passed","title":"should route events to deepest active child first","duration":2.0415419999999926,"failureMessages":[],"meta":{}},{"ancestorTitles":["propagateSubmachines - REAL TESTS"],"fullName":"propagateSubmachines - REAL TESTS should bubble up to parent when child cannot handle","status":"passed","title":"should bubble up to parent when child cannot handle","duration":0.23879199999998946,"failureMessages":[],"meta":{}},{"ancestorTitles":["propagateSubmachines - REAL TESTS"],"fullName":"propagateSubmachines - REAL TESTS should bubble child.exit when child reaches final state","status":"passed","title":"should bubble child.exit when child reaches final state","duration":0.18420900000000984,"failureMessages":[],"meta":{}},{"ancestorTitles":["propagateSubmachines - REAL TESTS"],"fullName":"propagateSubmachines - REAL TESTS should handle multiple levels of nesting","status":"passed","title":"should handle multiple levels of nesting","duration":0.1826250000000016,"failureMessages":[],"meta":{}},{"ancestorTitles":["propagateSubmachines - REAL TESTS"],"fullName":"propagateSubmachines - REAL TESTS should handle child.change events with payload","status":"passed","title":"should handle child.change events with payload","duration":0.1249159999999847,"failureMessages":[],"meta":{}},{"ancestorTitles":["propagateSubmachines - REAL TESTS"],"fullName":"propagateSubmachines - REAL TESTS should handle child.* events","status":"passed","title":"should handle child.* events","duration":0.13999999999998636,"failureMessages":[],"meta":{}},{"ancestorTitles":["propagateSubmachines - REAL TESTS"],"fullName":"propagateSubmachines - REAL TESTS should handle child state changes with notification","status":"passed","title":"should handle child state changes with notification","duration":0.13845900000001166,"failureMessages":[],"meta":{}},{"ancestorTitles":["propagateSubmachines - REAL TESTS"],"fullName":"propagateSubmachines - REAL TESTS should return null when no event can be handled","status":"passed","title":"should return null when no event can be handled","duration":0.12999999999999545,"failureMessages":[],"meta":{}},{"ancestorTitles":["propagateSubmachines - REAL TESTS"],"fullName":"propagateSubmachines - REAL TESTS should handle complex exit bubbling with resolveExit hooks","status":"passed","title":"should handle complex exit bubbling with resolveExit hooks","duration":0.21733299999999645,"failureMessages":[],"meta":{}},{"ancestorTitles":["propagateSubmachines - REAL TESTS"],"fullName":"propagateSubmachines - REAL TESTS should handle multiple levels of nesting","status":"passed","title":"should handle multiple levels of nesting","duration":0.16583400000001802,"failureMessages":[],"meta":{}},{"ancestorTitles":["propagateSubmachines - REAL TESTS"],"fullName":"propagateSubmachines - REAL TESTS DEBUG: show what handleAtRoot is doing","status":"passed","title":"DEBUG: show what handleAtRoot is doing","duration":2.114167000000009,"failureMessages":[],"meta":{}},{"ancestorTitles":["propagateSubmachines - REAL TESTS"],"fullName":"propagateSubmachines - REAL TESTS should handle child machines with resolveExit hooks","status":"passed","title":"should handle child machines with resolveExit hooks","duration":0.19887500000001523,"failureMessages":[],"meta":{}},{"ancestorTitles":["propagateSubmachines - REAL TESTS"],"fullName":"propagateSubmachines - REAL TESTS should force trigger bubbleChildExitEvents with final state","status":"passed","title":"should force trigger bubbleChildExitEvents with final state","duration":0.1620409999999879,"failureMessages":[],"meta":{}},{"ancestorTitles":["propagateSubmachines - REAL TESTS"],"fullName":"propagateSubmachines - REAL TESTS should test direct child event routing","status":"passed","title":"should test direct child event routing","duration":0.3737920000000088,"failureMessages":[],"meta":{}},{"ancestorTitles":["propagateSubmachines - REAL TESTS"],"fullName":"propagateSubmachines - REAL TESTS should test parent fallback when child cannot handle","status":"passed","title":"should test parent fallback when child cannot handle","duration":0.20758299999999963,"failureMessages":[],"meta":{}},{"ancestorTitles":["propagateSubmachines - REAL TESTS"],"fullName":"propagateSubmachines - REAL TESTS should trigger internal child.change notifications naturally (lines 313-315)","status":"passed","title":"should trigger internal child.change notifications naturally (lines 313-315)","duration":0.146000000000015,"failureMessages":[],"meta":{}},{"ancestorTitles":["propagateSubmachines - REAL TESTS"],"fullName":"propagateSubmachines - REAL TESTS should handle external child.change notifications (lines 315-318)","status":"passed","title":"should handle external child.change notifications (lines 315-318)","duration":0.7697919999999954,"failureMessages":[],"meta":{}},{"ancestorTitles":["propagateSubmachines - REAL TESTS"],"fullName":"propagateSubmachines - REAL TESTS should trigger bubbleChildExitEvents after successful child handling (lines 350-359)","status":"passed","title":"should trigger bubbleChildExitEvents after successful child handling (lines 350-359)","duration":0.23950000000002092,"failureMessages":[],"meta":{}},{"ancestorTitles":["propagateSubmachines - REAL TESTS"],"fullName":"propagateSubmachines - REAL TESTS should handle duck-typed child machines (lines 354-359)","status":"passed","title":"should handle duck-typed child machines (lines 354-359)","duration":0.15108300000002828,"failureMessages":[],"meta":{}},{"ancestorTitles":["propagateSubmachines - REAL TESTS"],"fullName":"propagateSubmachines - REAL TESTS should hit resolveExit hook branches (lines 227-242)","status":"passed","title":"should hit resolveExit hook branches (lines 227-242)","duration":0.18491699999998445,"failureMessages":[],"meta":{}},{"ancestorTitles":["propagateSubmachines - REAL TESTS"],"fullName":"propagateSubmachines - REAL TESTS should hit duck-typed child state change branches (lines 252-261)","status":"passed","title":"should hit duck-typed child state change branches (lines 252-261)","duration":0.1515829999999596,"failureMessages":[],"meta":{}},{"ancestorTitles":["propagateSubmachines - REAL TESTS"],"fullName":"propagateSubmachines - REAL TESTS should hit bubbleChildExitEvents after child handling (lines 350-359)","status":"passed","title":"should hit bubbleChildExitEvents after child handling (lines 350-359)","duration":0.15612499999997453,"failureMessages":[],"meta":{}},{"ancestorTitles":["propagateSubmachines - REAL TESTS"],"fullName":"propagateSubmachines - REAL TESTS should hit handleReservedEvents with non-child target (lines 309-318)","status":"passed","title":"should hit handleReservedEvents with non-child target (lines 309-318)","duration":0.116375000000005,"failureMessages":[],"meta":{}},{"ancestorTitles":["propagateSubmachines - REAL TESTS"],"fullName":"propagateSubmachines - REAL TESTS should hit child resolveExit path (lines 227-242)","status":"passed","title":"should hit child resolveExit path (lines 227-242)","duration":0.1731659999999806,"failureMessages":[],"meta":{}},{"ancestorTitles":["propagateSubmachines - REAL TESTS"],"fullName":"propagateSubmachines - REAL TESTS should hit duck-typed child with actual state changes (lines 252-261)","status":"passed","title":"should hit duck-typed child with actual state changes (lines 252-261)","duration":0.14375000000001137,"failureMessages":[],"meta":{}},{"ancestorTitles":["propagateSubmachines - REAL TESTS"],"fullName":"propagateSubmachines - REAL TESTS should hit handleReservedEvents internal notification path (lines 313-315)","status":"passed","title":"should hit handleReservedEvents internal notification path (lines 313-315)","duration":0.1732499999999959,"failureMessages":[],"meta":{}},{"ancestorTitles":["propagateSubmachines - REAL TESTS"],"fullName":"propagateSubmachines - REAL TESTS should hit handleReservedEvents external notification path (lines 317-318)","status":"passed","title":"should hit handleReservedEvents external notification path (lines 317-318)","duration":0.191332999999986,"failureMessages":[],"meta":{}},{"ancestorTitles":["propagateSubmachines - REAL TESTS"],"fullName":"propagateSubmachines - REAL TESTS LINES 227-242: parent with resolveExit handles child final state","status":"passed","title":"LINES 227-242: parent with resolveExit handles child final state","duration":0.7235000000000014,"failureMessages":[],"meta":{}}],"startTime":1766901797191,"endTime":1766901797201.7234,"status":"passed","message":"","name":"/Users/winston/dev/personal/matchina/test/propagate-submachines-real.test.ts"}],"coverageMap":{"/Users/winston/dev/personal/matchina/src/ext/funcware/from-middleware.ts":{"path":"/Users/winston/dev/personal/matchina/src/ext/funcware/from-middleware.ts","statementMap":{"0":{"start":{"line":74,"column":2},"end":{"line":76,"column":null}},"1":{"start":{"line":74,"column":19},"end":{"line":76,"column":null}},"2":{"start":{"line":75,"column":4},"end":{"line":75,"column":null}}},"fnMap":{"0":{"name":"funcwareFromMiddleware","decl":{"start":{"line":71,"column":16},"end":{"line":71,"column":null}},"loc":{"start":{"line":73,"column":33},"end":{"line":77,"column":null}},"line":73},"1":{"name":"(anonymous_1)","decl":{"start":{"line":74,"column":9},"end":{"line":74,"column":10}},"loc":{"start":{"line":74,"column":19},"end":{"line":76,"column":null}},"line":74},"2":{"name":"(anonymous_2)","decl":{"start":{"line":74,"column":19},"end":{"line":74,"column":20}},"loc":{"start":{"line":74,"column":27},"end":{"line":76,"column":null}},"line":74}},"branchMap":{},"s":{"0":6,"1":6,"2":6},"f":{"0":6,"1":6,"2":6},"b":{},"meta":{"lastBranch":0,"lastFunction":3,"lastStatement":3,"seen":{"f:71:16:71:Infinity":0,"s:74:2:76:Infinity":0,"f:74:9:74:10":1,"s:74:19:76:Infinity":1,"f:74:19:74:20":2,"s:75:4:75:Infinity":2}}},"/Users/winston/dev/personal/matchina/src/ext/funcware/abortable.ts":{"path":"/Users/winston/dev/personal/matchina/src/ext/funcware/abortable.ts","statementMap":{"0":{"start":{"line":29,"column":2},"end":{"line":39,"column":null}},"1":{"start":{"line":30,"column":2},"end":{"line":39,"column":null}},"2":{"start":{"line":31,"column":2},"end":{"line":39,"column":null}},"3":{"start":{"line":32,"column":18},"end":{"line":32,"column":null}},"4":{"start":{"line":33,"column":4},"end":{"line":35,"column":null}},"5":{"start":{"line":34,"column":6},"end":{"line":34,"column":null}},"6":{"start":{"line":36,"column":4},"end":{"line":38,"column":null}},"7":{"start":{"line":37,"column":6},"end":{"line":37,"column":null}}},"fnMap":{"0":{"name":"(anonymous_0)","decl":{"start":{"line":29,"column":2},"end":{"line":29,"column":6}},"loc":{"start":{"line":30,"column":2},"end":{"line":39,"column":null}},"line":30},"1":{"name":"(anonymous_1)","decl":{"start":{"line":30,"column":2},"end":{"line":30,"column":3}},"loc":{"start":{"line":31,"column":2},"end":{"line":39,"column":null}},"line":31},"2":{"name":"(anonymous_2)","decl":{"start":{"line":31,"column":2},"end":{"line":31,"column":3}},"loc":{"start":{"line":31,"column":10},"end":{"line":39,"column":null}},"line":31},"3":{"name":"(anonymous_3)","decl":{"start":{"line":33,"column":16},"end":{"line":33,"column":22}},"loc":{"start":{"line":33,"column":22},"end":{"line":35,"column":5}},"line":33}},"branchMap":{"0":{"loc":{"start":{"line":36,"column":4},"end":{"line":38,"column":null}},"type":"if","locations":[{"start":{"line":36,"column":4},"end":{"line":38,"column":null}},{"start":{},"end":{}}],"line":36}},"s":{"0":1,"1":0,"2":0,"3":0,"4":0,"5":0,"6":0,"7":0},"f":{"0":0,"1":0,"2":0,"3":0},"b":{"0":[0,0]},"meta":{"lastBranch":1,"lastFunction":4,"lastStatement":8,"seen":{"s:29:2:39:Infinity":0,"f:29:2:29:6":0,"s:30:2:39:Infinity":1,"f:30:2:30:3":1,"s:31:2:39:Infinity":2,"f:31:2:31:3":2,"s:32:18:32:Infinity":3,"s:33:4:35:Infinity":4,"f:33:16:33:22":3,"s:34:6:34:Infinity":5,"b:36:4:38:Infinity:undefined:undefined:undefined:undefined":0,"s:36:4:38:Infinity":6,"s:37:6:37:Infinity":7}}},"/Users/winston/dev/personal/matchina/src/ext/funcware/iff.ts":{"path":"/Users/winston/dev/personal/matchina/src/ext/funcware/iff.ts","statementMap":{"0":{"start":{"line":4,"column":2},"end":{"line":10,"column":null}},"1":{"start":{"line":8,"column":2},"end":{"line":10,"column":null}},"2":{"start":{"line":9,"column":2},"end":{"line":10,"column":null}},"3":{"start":{"line":10,"column":4},"end":{"line":10,"column":null}}},"fnMap":{"0":{"name":"(anonymous_0)","decl":{"start":{"line":4,"column":2},"end":{"line":4,"column":null}},"loc":{"start":{"line":8,"column":2},"end":{"line":10,"column":null}},"line":8},"1":{"name":"(anonymous_1)","decl":{"start":{"line":8,"column":2},"end":{"line":8,"column":3}},"loc":{"start":{"line":9,"column":2},"end":{"line":10,"column":null}},"line":9},"2":{"name":"(anonymous_2)","decl":{"start":{"line":9,"column":2},"end":{"line":9,"column":6}},"loc":{"start":{"line":10,"column":4},"end":{"line":10,"column":null}},"line":10}},"branchMap":{"0":{"loc":{"start":{"line":10,"column":4},"end":{"line":10,"column":null}},"type":"cond-expr","locations":[{"start":{"line":10,"column":22},"end":{"line":10,"column":47}},{"start":{"line":10,"column":47},"end":{"line":10,"column":null}}],"line":10}},"s":{"0":1,"1":0,"2":0,"3":0},"f":{"0":0,"1":0,"2":0},"b":{"0":[0,0]},"meta":{"lastBranch":1,"lastFunction":3,"lastStatement":4,"seen":{"s:4:2:10:Infinity":0,"f:4:2:4:Infinity":0,"s:8:2:10:Infinity":1,"f:8:2:8:3":1,"s:9:2:10:Infinity":2,"f:9:2:9:6":2,"s:10:4:10:Infinity":3,"b:10:22:10:47:10:47:10:Infinity":0}}},"/Users/winston/dev/personal/matchina/src/ext/funcware/tap.ts":{"path":"/Users/winston/dev/personal/matchina/src/ext/funcware/tap.ts","statementMap":{"0":{"start":{"line":29,"column":2},"end":{"line":37,"column":null}},"1":{"start":{"line":32,"column":2},"end":{"line":37,"column":null}},"2":{"start":{"line":33,"column":2},"end":{"line":37,"column":null}},"3":{"start":{"line":34,"column":16},"end":{"line":34,"column":null}},"4":{"start":{"line":35,"column":4},"end":{"line":35,"column":null}},"5":{"start":{"line":36,"column":4},"end":{"line":36,"column":null}}},"fnMap":{"0":{"name":"(anonymous_0)","decl":{"start":{"line":29,"column":2},"end":{"line":29,"column":null}},"loc":{"start":{"line":32,"column":2},"end":{"line":37,"column":null}},"line":32},"1":{"name":"(anonymous_1)","decl":{"start":{"line":32,"column":2},"end":{"line":32,"column":3}},"loc":{"start":{"line":33,"column":2},"end":{"line":37,"column":null}},"line":33},"2":{"name":"(anonymous_2)","decl":{"start":{"line":33,"column":2},"end":{"line":33,"column":6}},"loc":{"start":{"line":33,"column":17},"end":{"line":37,"column":null}},"line":33}},"branchMap":{},"s":{"0":1,"1":0,"2":0,"3":0,"4":0,"5":0},"f":{"0":0,"1":0,"2":0},"b":{},"meta":{"lastBranch":0,"lastFunction":3,"lastStatement":6,"seen":{"s:29:2:37:Infinity":0,"f:29:2:29:Infinity":0,"s:32:2:37:Infinity":1,"f:32:2:32:3":1,"s:33:2:37:Infinity":2,"f:33:2:33:6":2,"s:34:16:34:Infinity":3,"s:35:4:35:Infinity":4,"s:36:4:36:Infinity":5}}},"/Users/winston/dev/personal/matchina/src/ext/methodware/enhance-method.ts":{"path":"/Users/winston/dev/personal/matchina/src/ext/methodware/enhance-method.ts","statementMap":{"0":{"start":{"line":9,"column":13},"end":{"line":9,"column":null}},"1":{"start":{"line":16,"column":18},"end":{"line":16,"column":null}},"2":{"start":{"line":18,"column":2},"end":{"line":24,"column":null}},"3":{"start":{"line":19,"column":4},"end":{"line":19,"column":null}},"4":{"start":{"line":21,"column":17},"end":{"line":21,"column":null}},"5":{"start":{"line":22,"column":4},"end":{"line":22,"column":null}},"6":{"start":{"line":23,"column":4},"end":{"line":23,"column":null}},"7":{"start":{"line":25,"column":2},"end":{"line":25,"column":null}},"8":{"start":{"line":26,"column":2},"end":{"line":33,"column":null}},"9":{"start":{"line":27,"column":4},"end":{"line":32,"column":null}},"10":{"start":{"line":28,"column":6},"end":{"line":28,"column":null}},"11":{"start":{"line":29,"column":6},"end":{"line":31,"column":null}},"12":{"start":{"line":30,"column":8},"end":{"line":30,"column":null}}},"fnMap":{"0":{"name":"(anonymous_0)","decl":{"start":{"line":9,"column":13},"end":{"line":9,"column":19}},"loc":{"start":{"line":9,"column":19},"end":{"line":9,"column":null}},"line":9},"1":{"name":"enhanceMethod","decl":{"start":{"line":11,"column":16},"end":{"line":11,"column":null}},"loc":{"start":{"line":15,"column":2},"end":{"line":34,"column":null}},"line":15},"2":{"name":"(anonymous_2)","decl":{"start":{"line":26,"column":9},"end":{"line":26,"column":15}},"loc":{"start":{"line":26,"column":15},"end":{"line":33,"column":null}},"line":26}},"branchMap":{"0":{"loc":{"start":{"line":18,"column":2},"end":{"line":24,"column":null}},"type":"if","locations":[{"start":{"line":18,"column":2},"end":{"line":24,"column":null}},{"start":{"line":20,"column":9},"end":{"line":24,"column":null}}],"line":18},"1":{"loc":{"start":{"line":21,"column":17},"end":{"line":21,"column":null}},"type":"cond-expr","locations":[{"start":{"line":21,"column":27},"end":{"line":21,"column":50}},{"start":{"line":21,"column":50},"end":{"line":21,"column":null}}],"line":21},"2":{"loc":{"start":{"line":27,"column":4},"end":{"line":32,"column":null}},"type":"if","locations":[{"start":{"line":27,"column":4},"end":{"line":32,"column":null}},{"start":{},"end":{}}],"line":27},"3":{"loc":{"start":{"line":29,"column":6},"end":{"line":31,"column":null}},"type":"if","locations":[{"start":{"line":29,"column":6},"end":{"line":31,"column":null}},{"start":{},"end":{}}],"line":29}},"s":{"0":1,"1":64,"2":64,"3":0,"4":64,"5":64,"6":64,"7":64,"8":64,"9":58,"10":58,"11":58,"12":58},"f":{"0":0,"1":64,"2":58},"b":{"0":[0,64],"1":[64,0],"2":[58,0],"3":[58,0]},"meta":{"lastBranch":4,"lastFunction":3,"lastStatement":13,"seen":{"s:9:13:9:Infinity":0,"f:9:13:9:19":0,"f:11:16:11:Infinity":1,"s:16:18:16:Infinity":1,"b:18:2:24:Infinity:20:9:24:Infinity":0,"s:18:2:24:Infinity":2,"s:19:4:19:Infinity":3,"s:21:17:21:Infinity":4,"b:21:27:21:50:21:50:21:Infinity":1,"s:22:4:22:Infinity":5,"s:23:4:23:Infinity":6,"s:25:2:25:Infinity":7,"s:26:2:33:Infinity":8,"f:26:9:26:15":2,"b:27:4:32:Infinity:undefined:undefined:undefined:undefined":2,"s:27:4:32:Infinity":9,"s:28:6:28:Infinity":10,"b:29:6:31:Infinity:undefined:undefined:undefined:undefined":3,"s:29:6:31:Infinity":11,"s:30:8:30:Infinity":12}}},"/Users/winston/dev/personal/matchina/src/ext/methodware/enhance-function.ts":{"path":"/Users/winston/dev/personal/matchina/src/ext/methodware/enhance-function.ts","statementMap":{"0":{"start":{"line":7,"column":2},"end":{"line":9,"column":null}},"1":{"start":{"line":8,"column":4},"end":{"line":8,"column":null}},"2":{"start":{"line":10,"column":2},"end":{"line":10,"column":null}},"3":{"start":{"line":13,"column":23},"end":{"line":13,"column":null}},"4":{"start":{"line":14,"column":34},"end":{"line":18,"column":null}},"5":{"start":{"line":17,"column":2},"end":{"line":17,"column":null}},"6":{"start":{"line":78,"column":32},"end":{"line":78,"column":null}},"7":{"start":{"line":79,"column":20},"end":{"line":79,"column":null}},"8":{"start":{"line":82,"column":4},"end":{"line":82,"column":null}},"9":{"start":{"line":85,"column":19},"end":{"line":87,"column":null}},"10":{"start":{"line":86,"column":4},"end":{"line":86,"column":null}},"11":{"start":{"line":96,"column":2},"end":{"line":115,"column":null}},"12":{"start":{"line":98,"column":6},"end":{"line":98,"column":null}},"13":{"start":{"line":99,"column":6},"end":{"line":99,"column":null}},"14":{"start":{"line":102,"column":6},"end":{"line":107,"column":null}},"15":{"start":{"line":103,"column":20},"end":{"line":103,"column":null}},"16":{"start":{"line":104,"column":8},"end":{"line":106,"column":null}},"17":{"start":{"line":105,"column":10},"end":{"line":105,"column":null}},"18":{"start":{"line":108,"column":6},"end":{"line":108,"column":null}},"19":{"start":{"line":111,"column":6},"end":{"line":111,"column":null}},"20":{"start":{"line":111,"column":27},"end":{"line":111,"column":48}}},"fnMap":{"0":{"name":"composeFuncware","decl":{"start":{"line":3,"column":9},"end":{"line":3,"column":null}},"loc":{"start":{"line":6,"column":5},"end":{"line":11,"column":null}},"line":6},"1":{"name":"(anonymous_1)","decl":{"start":{"line":14,"column":34},"end":{"line":14,"column":null}},"loc":{"start":{"line":16,"column":28},"end":{"line":18,"column":null}},"line":16},"2":{"name":"enhanceFunction","decl":{"start":{"line":76,"column":16},"end":{"line":76,"column":48}},"loc":{"start":{"line":76,"column":61},"end":{"line":116,"column":null}},"line":76},"3":{"name":"updateComposed","decl":{"start":{"line":81,"column":11},"end":{"line":81,"column":28}},"loc":{"start":{"line":81,"column":28},"end":{"line":83,"column":null}},"line":81},"4":{"name":"(anonymous_4)","decl":{"start":{"line":85,"column":19},"end":{"line":85,"column":43}},"loc":{"start":{"line":85,"column":56},"end":{"line":87,"column":null}},"line":85},"5":{"name":"(anonymous_5)","decl":{"start":{"line":97,"column":9},"end":{"line":97,"column":13}},"loc":{"start":{"line":97,"column":35},"end":{"line":100,"column":null}},"line":97},"6":{"name":"(anonymous_6)","decl":{"start":{"line":101,"column":12},"end":{"line":101,"column":16}},"loc":{"start":{"line":101,"column":41},"end":{"line":109,"column":null}},"line":101},"7":{"name":"(anonymous_7)","decl":{"start":{"line":110,"column":9},"end":{"line":110,"column":13}},"loc":{"start":{"line":111,"column":6},"end":{"line":111,"column":null}},"line":111},"8":{"name":"(anonymous_8)","decl":{"start":{"line":111,"column":20},"end":{"line":111,"column":21}},"loc":{"start":{"line":111,"column":27},"end":{"line":111,"column":48}},"line":111}},"branchMap":{"0":{"loc":{"start":{"line":17,"column":9},"end":{"line":17,"column":null}},"type":"binary-expr","locations":[{"start":{"line":17,"column":9},"end":{"line":17,"column":37}},{"start":{"line":17,"column":37},"end":{"line":17,"column":null}}],"line":17},"1":{"loc":{"start":{"line":104,"column":8},"end":{"line":106,"column":null}},"type":"if","locations":[{"start":{"line":104,"column":8},"end":{"line":106,"column":null}},{"start":{},"end":{}}],"line":104}},"s":{"0":122,"1":64,"2":122,"3":1,"4":1,"5":64,"6":64,"7":64,"8":122,"9":64,"10":62,"11":64,"12":64,"13":64,"14":58,"15":58,"16":58,"17":58,"18":58,"19":0,"20":0},"f":{"0":122,"1":64,"2":64,"3":122,"4":62,"5":64,"6":58,"7":0,"8":0},"b":{"0":[64,64],"1":[58,0]},"meta":{"lastBranch":2,"lastFunction":9,"lastStatement":21,"seen":{"f:3:9:3:Infinity":0,"s:7:2:9:Infinity":0,"s:8:4:8:Infinity":1,"s:10:2:10:Infinity":2,"s:13:23:13:Infinity":3,"s:14:34:18:Infinity":4,"f:14:34:14:Infinity":1,"s:17:2:17:Infinity":5,"b:17:9:17:37:17:37:17:Infinity":0,"f:76:16:76:48":2,"s:78:32:78:Infinity":6,"s:79:20:79:Infinity":7,"f:81:11:81:28":3,"s:82:4:82:Infinity":8,"s:85:19:87:Infinity":9,"f:85:19:85:43":4,"s:86:4:86:Infinity":10,"s:96:2:115:Infinity":11,"f:97:9:97:13":5,"s:98:6:98:Infinity":12,"s:99:6:99:Infinity":13,"f:101:12:101:16":6,"s:102:6:107:Infinity":14,"s:103:20:103:Infinity":15,"b:104:8:106:Infinity:undefined:undefined:undefined:undefined":1,"s:104:8:106:Infinity":16,"s:105:10:105:Infinity":17,"s:108:6:108:Infinity":18,"f:110:9:110:13":7,"s:111:6:111:Infinity":19,"f:111:20:111:21":8,"s:111:27:111:48":20}}},"/Users/winston/dev/personal/matchina/src/ext/methodware/method-enhancer.ts":{"path":"/Users/winston/dev/personal/matchina/src/ext/methodware/method-enhancer.ts","statementMap":{"0":{"start":{"line":59,"column":2},"end":{"line":65,"column":null}},"1":{"start":{"line":60,"column":2},"end":{"line":65,"column":null}},"2":{"start":{"line":63,"column":2},"end":{"line":65,"column":null}},"3":{"start":{"line":64,"column":4},"end":{"line":64,"column":null}}},"fnMap":{"0":{"name":"(anonymous_0)","decl":{"start":{"line":59,"column":2},"end":{"line":59,"column":21}},"loc":{"start":{"line":60,"column":2},"end":{"line":65,"column":null}},"line":60},"1":{"name":"(anonymous_1)","decl":{"start":{"line":60,"column":2},"end":{"line":60,"column":null}},"loc":{"start":{"line":63,"column":2},"end":{"line":65,"column":null}},"line":63},"2":{"name":"(anonymous_2)","decl":{"start":{"line":63,"column":2},"end":{"line":63,"column":3}},"loc":{"start":{"line":63,"column":17},"end":{"line":65,"column":null}},"line":63}},"branchMap":{},"s":{"0":1,"1":64,"2":64,"3":64},"f":{"0":64,"1":64,"2":64},"b":{},"meta":{"lastBranch":0,"lastFunction":3,"lastStatement":4,"seen":{"s:59:2:65:Infinity":0,"f:59:2:59:21":0,"s:60:2:65:Infinity":1,"f:60:2:60:Infinity":1,"s:63:2:65:Infinity":2,"f:63:2:63:3":2,"s:64:4:64:Infinity":3}}},"/Users/winston/dev/personal/matchina/src/define-states.ts":{"path":"/Users/winston/dev/personal/matchina/src/define-states.ts","statementMap":{"0":{"start":{"line":42,"column":2},"end":{"line":42,"column":null}}},"fnMap":{"0":{"name":"defineStates","decl":{"start":{"line":41,"column":16},"end":{"line":41,"column":57}},"loc":{"start":{"line":41,"column":73},"end":{"line":43,"column":null}},"line":41}},"branchMap":{},"s":{"0":55},"f":{"0":55},"b":{},"meta":{"lastBranch":0,"lastFunction":1,"lastStatement":1,"seen":{"f:41:16:41:57":0,"s:42:2:42:Infinity":0}}},"/Users/winston/dev/personal/matchina/src/ext/setup.ts":{"path":"/Users/winston/dev/personal/matchina/src/ext/setup.ts","statementMap":{"0":{"start":{"line":25,"column":30},"end":{"line":29,"column":null}},"1":{"start":{"line":25,"column":54},"end":{"line":29,"column":null}},"2":{"start":{"line":26,"column":2},"end":{"line":28,"column":null}},"3":{"start":{"line":26,"column":15},"end":{"line":26,"column":31}},"4":{"start":{"line":27,"column":4},"end":{"line":27,"column":null}},"5":{"start":{"line":63,"column":2},"end":{"line":65,"column":null}},"6":{"start":{"line":64,"column":2},"end":{"line":65,"column":null}},"7":{"start":{"line":65,"column":4},"end":{"line":65,"column":null}},"8":{"start":{"line":65,"column":38},"end":{"line":65,"column":48}},"9":{"start":{"line":98,"column":2},"end":{"line":100,"column":null}},"10":{"start":{"line":99,"column":2},"end":{"line":100,"column":null}},"11":{"start":{"line":100,"column":4},"end":{"line":100,"column":null}},"12":{"start":{"line":100,"column":38},"end":{"line":100,"column":48}}},"fnMap":{"0":{"name":"(anonymous_0)","decl":{"start":{"line":25,"column":30},"end":{"line":25,"column":31}},"loc":{"start":{"line":25,"column":54},"end":{"line":29,"column":null}},"line":25},"1":{"name":"(anonymous_1)","decl":{"start":{"line":25,"column":54},"end":{"line":25,"column":60}},"loc":{"start":{"line":25,"column":60},"end":{"line":29,"column":null}},"line":25},"2":{"name":"(anonymous_2)","decl":{"start":{"line":63,"column":2},"end":{"line":63,"column":6}},"loc":{"start":{"line":64,"column":2},"end":{"line":65,"column":null}},"line":64},"3":{"name":"(anonymous_3)","decl":{"start":{"line":64,"column":2},"end":{"line":64,"column":3}},"loc":{"start":{"line":65,"column":4},"end":{"line":65,"column":null}},"line":65},"4":{"name":"(anonymous_4)","decl":{"start":{"line":65,"column":30},"end":{"line":65,"column":31}},"loc":{"start":{"line":65,"column":38},"end":{"line":65,"column":48}},"line":65},"5":{"name":"(anonymous_5)","decl":{"start":{"line":98,"column":2},"end":{"line":98,"column":6}},"loc":{"start":{"line":99,"column":2},"end":{"line":100,"column":null}},"line":99},"6":{"name":"(anonymous_6)","decl":{"start":{"line":99,"column":2},"end":{"line":99,"column":6}},"loc":{"start":{"line":100,"column":4},"end":{"line":100,"column":null}},"line":100},"7":{"name":"(anonymous_7)","decl":{"start":{"line":100,"column":30},"end":{"line":100,"column":31}},"loc":{"start":{"line":100,"column":38},"end":{"line":100,"column":48}},"line":100}},"branchMap":{},"s":{"0":1,"1":6,"2":0,"3":0,"4":0,"5":1,"6":0,"7":0,"8":0,"9":1,"10":6,"11":6,"12":6},"f":{"0":6,"1":0,"2":0,"3":0,"4":0,"5":6,"6":6,"7":6},"b":{},"meta":{"lastBranch":0,"lastFunction":8,"lastStatement":13,"seen":{"s:25:30:29:Infinity":0,"f:25:30:25:31":0,"s:25:54:29:Infinity":1,"f:25:54:25:60":1,"s:26:2:28:Infinity":2,"s:26:15:26:31":3,"s:27:4:27:Infinity":4,"s:63:2:65:Infinity":5,"f:63:2:63:6":2,"s:64:2:65:Infinity":6,"f:64:2:64:3":3,"s:65:4:65:Infinity":7,"f:65:30:65:31":4,"s:65:38:65:48":8,"s:98:2:100:Infinity":9,"f:98:2:98:6":5,"s:99:2:100:Infinity":10,"f:99:2:99:6":6,"s:100:4:100:Infinity":11,"f:100:30:100:31":7,"s:100:38:100:48":12}}},"/Users/winston/dev/personal/matchina/src/event-lifecycle.ts":{"path":"/Users/winston/dev/personal/matchina/src/event-lifecycle.ts","statementMap":{"0":{"start":{"line":3,"column":23},"end":{"line":3,"column":null}},"1":{"start":{"line":3,"column":40},"end":{"line":3,"column":null}},"2":{"start":{"line":4,"column":20},"end":{"line":4,"column":null}},"3":{"start":{"line":5,"column":19},"end":{"line":5,"column":null}},"4":{"start":{"line":5,"column":37},"end":{"line":5,"column":null}},"5":{"start":{"line":72,"column":2},"end":{"line":72,"column":null}},"6":{"start":{"line":79,"column":43},"end":{"line":111,"column":null}},"7":{"start":{"line":83,"column":23},"end":{"line":83,"column":null}},"8":{"start":{"line":85,"column":6},"end":{"line":85,"column":null}},"9":{"start":{"line":86,"column":6},"end":{"line":86,"column":null}},"10":{"start":{"line":93,"column":6},"end":{"line":95,"column":null}},"11":{"start":{"line":94,"column":8},"end":{"line":94,"column":null}},"12":{"start":{"line":96,"column":19},"end":{"line":96,"column":null}},"13":{"start":{"line":97,"column":6},"end":{"line":100,"column":null}},"14":{"start":{"line":98,"column":8},"end":{"line":98,"column":null}},"15":{"start":{"line":99,"column":8},"end":{"line":99,"column":null}},"16":{"start":{"line":101,"column":6},"end":{"line":101,"column":null}},"17":{"start":{"line":102,"column":6},"end":{"line":104,"column":null}},"18":{"start":{"line":103,"column":8},"end":{"line":103,"column":null}},"19":{"start":{"line":105,"column":6},"end":{"line":105,"column":null}},"20":{"start":{"line":106,"column":6},"end":{"line":106,"column":null}},"21":{"start":{"line":107,"column":6},"end":{"line":107,"column":null}},"22":{"start":{"line":108,"column":6},"end":{"line":108,"column":null}},"23":{"start":{"line":109,"column":6},"end":{"line":109,"column":null}},"24":{"start":{"line":112,"column":2},"end":{"line":112,"column":null}}},"fnMap":{"0":{"name":"(anonymous_0)","decl":{"start":{"line":3,"column":23},"end":{"line":3,"column":27}},"loc":{"start":{"line":3,"column":40},"end":{"line":3,"column":null}},"line":3},"1":{"name":"(anonymous_1)","decl":{"start":{"line":4,"column":20},"end":{"line":4,"column":24}},"loc":{"start":{"line":4,"column":38},"end":{"line":4,"column":null}},"line":4},"2":{"name":"(anonymous_2)","decl":{"start":{"line":5,"column":19},"end":{"line":5,"column":23}},"loc":{"start":{"line":5,"column":37},"end":{"line":5,"column":null}},"line":5},"3":{"name":"withLifecycle","decl":{"start":{"line":68,"column":16},"end":{"line":68,"column":null}},"loc":{"start":{"line":71,"column":25},"end":{"line":73,"column":null}},"line":71},"4":{"name":"createUpdateLifecycle","decl":{"start":{"line":75,"column":9},"end":{"line":75,"column":null}},"loc":{"start":{"line":78,"column":25},"end":{"line":113,"column":null}},"line":78},"5":{"name":"(anonymous_5)","decl":{"start":{"line":83,"column":12},"end":{"line":83,"column":13}},"loc":{"start":{"line":83,"column":23},"end":{"line":83,"column":null}},"line":83},"6":{"name":"(anonymous_6)","decl":{"start":{"line":84,"column":4},"end":{"line":84,"column":11}},"loc":{"start":{"line":84,"column":18},"end":{"line":87,"column":null}},"line":84},"7":{"name":"(anonymous_7)","decl":{"start":{"line":92,"column":4},"end":{"line":92,"column":15}},"loc":{"start":{"line":92,"column":22},"end":{"line":110,"column":null}},"line":92}},"branchMap":{"0":{"loc":{"start":{"line":77,"column":2},"end":{"line":77,"column":null}},"type":"default-arg","locations":[{"start":{"line":77,"column":14},"end":{"line":77,"column":null}}],"line":77},"1":{"loc":{"start":{"line":93,"column":6},"end":{"line":95,"column":null}},"type":"if","locations":[{"start":{"line":93,"column":6},"end":{"line":95,"column":null}},{"start":{},"end":{}}],"line":93},"2":{"loc":{"start":{"line":97,"column":6},"end":{"line":100,"column":null}},"type":"if","locations":[{"start":{"line":97,"column":6},"end":{"line":100,"column":null}},{"start":{},"end":{}}],"line":97},"3":{"loc":{"start":{"line":102,"column":6},"end":{"line":104,"column":null}},"type":"if","locations":[{"start":{"line":102,"column":6},"end":{"line":104,"column":null}},{"start":{},"end":{}}],"line":102}},"s":{"0":1,"1":128,"2":1,"3":1,"4":64,"5":55,"6":55,"7":64,"8":64,"9":64,"10":64,"11":0,"12":64,"13":64,"14":0,"15":0,"16":64,"17":64,"18":0,"19":64,"20":64,"21":64,"22":64,"23":64,"24":55},"f":{"0":128,"1":284,"2":64,"3":55,"4":55,"5":64,"6":64,"7":64},"b":{"0":[55],"1":[0,64],"2":[0,64],"3":[0,64]},"meta":{"lastBranch":4,"lastFunction":8,"lastStatement":25,"seen":{"s:3:23:3:Infinity":0,"f:3:23:3:27":0,"s:3:40:3:Infinity":1,"s:4:20:4:Infinity":2,"f:4:20:4:24":1,"s:5:19:5:Infinity":3,"f:5:19:5:23":2,"s:5:37:5:Infinity":4,"f:68:16:68:Infinity":3,"s:72:2:72:Infinity":5,"f:75:9:75:Infinity":4,"b:77:14:77:Infinity":0,"s:79:43:111:Infinity":6,"f:83:12:83:13":5,"s:83:23:83:Infinity":7,"f:84:4:84:11":6,"s:85:6:85:Infinity":8,"s:86:6:86:Infinity":9,"f:92:4:92:15":7,"b:93:6:95:Infinity:undefined:undefined:undefined:undefined":1,"s:93:6:95:Infinity":10,"s:94:8:94:Infinity":11,"s:96:19:96:Infinity":12,"b:97:6:100:Infinity:undefined:undefined:undefined:undefined":2,"s:97:6:100:Infinity":13,"s:98:8:98:Infinity":14,"s:99:8:99:Infinity":15,"s:101:6:101:Infinity":16,"b:102:6:104:Infinity:undefined:undefined:undefined:undefined":3,"s:102:6:104:Infinity":17,"s:103:8:103:Infinity":18,"s:105:6:105:Infinity":19,"s:106:6:106:Infinity":20,"s:107:6:107:Infinity":21,"s:108:6:108:Infinity":22,"s:109:6:109:Infinity":23,"s:112:2:112:Infinity":24}}},"/Users/winston/dev/personal/matchina/src/machine-brand.ts":{"path":"/Users/winston/dev/personal/matchina/src/machine-brand.ts","statementMap":{"0":{"start":{"line":4,"column":32},"end":{"line":4,"column":null}},"1":{"start":{"line":7,"column":2},"end":{"line":16,"column":null}},"2":{"start":{"line":8,"column":4},"end":{"line":13,"column":null}},"3":{"start":{"line":20,"column":2},"end":{"line":20,"column":null}}},"fnMap":{"0":{"name":"brandFactoryMachine","decl":{"start":{"line":6,"column":16},"end":{"line":6,"column":36}},"loc":{"start":{"line":6,"column":52},"end":{"line":17,"column":null}},"line":6},"1":{"name":"isFactoryMachine","decl":{"start":{"line":19,"column":16},"end":{"line":19,"column":33}},"loc":{"start":{"line":19,"column":50},"end":{"line":21,"column":null}},"line":19}},"branchMap":{"0":{"loc":{"start":{"line":20,"column":9},"end":{"line":20,"column":null}},"type":"binary-expr","locations":[{"start":{"line":20,"column":9},"end":{"line":20,"column":16}},{"start":{"line":20,"column":16},"end":{"line":20,"column":null}}],"line":20}},"s":{"0":1,"1":55,"2":55,"3":129},"f":{"0":55,"1":129},"b":{"0":[129,129]},"meta":{"lastBranch":1,"lastFunction":2,"lastStatement":4,"seen":{"s:4:32:4:Infinity":0,"f:6:16:6:36":0,"s:7:2:16:Infinity":1,"s:8:4:13:Infinity":2,"f:19:16:19:33":1,"s:20:2:20:Infinity":3,"b:20:9:20:16:20:16:20:Infinity":0}}},"/Users/winston/dev/personal/matchina/src/factory-machine-event.ts":{"path":"/Users/winston/dev/personal/matchina/src/factory-machine-event.ts","statementMap":{"0":{"start":{"line":19,"column":4},"end":{"line":19,"column":null}},"1":{"start":{"line":20,"column":4},"end":{"line":20,"column":null}},"2":{"start":{"line":21,"column":4},"end":{"line":21,"column":null}},"3":{"start":{"line":22,"column":4},"end":{"line":22,"column":null}},"4":{"start":{"line":23,"column":4},"end":{"line":23,"column":null}},"5":{"start":{"line":31,"column":4},"end":{"line":36,"column":null}}},"fnMap":{"0":{"name":"(anonymous_0)","decl":{"start":{"line":12,"column":2},"end":{"line":12,"column":null}},"loc":{"start":{"line":18,"column":4},"end":{"line":24,"column":null}},"line":18},"1":{"name":"(anonymous_1)","decl":{"start":{"line":26,"column":2},"end":{"line":26,"column":null}},"loc":{"start":{"line":30,"column":65},"end":{"line":37,"column":null}},"line":30}},"branchMap":{},"s":{"0":119,"1":119,"2":119,"3":119,"4":119,"5":0},"f":{"0":119,"1":0},"b":{},"meta":{"lastBranch":0,"lastFunction":2,"lastStatement":6,"seen":{"f:12:2:12:Infinity":0,"s:19:4:19:Infinity":0,"s:20:4:20:Infinity":1,"s:21:4:21:Infinity":2,"s:22:4:22:Infinity":3,"s:23:4:23:Infinity":4,"f:26:2:26:Infinity":1,"s:31:4:36:Infinity":5}}},"/Users/winston/dev/personal/matchina/src/match-case.ts":{"path":"/Users/winston/dev/personal/matchina/src/match-case.ts","statementMap":{"0":{"start":{"line":27,"column":19},"end":{"line":27,"column":null}},"1":{"start":{"line":28,"column":2},"end":{"line":36,"column":null}},"2":{"start":{"line":29,"column":4},"end":{"line":29,"column":null}},"3":{"start":{"line":30,"column":2},"end":{"line":36,"column":null}},"4":{"start":{"line":31,"column":4},"end":{"line":31,"column":null}},"5":{"start":{"line":32,"column":2},"end":{"line":36,"column":null}},"6":{"start":{"line":33,"column":4},"end":{"line":33,"column":null}},"7":{"start":{"line":35,"column":4},"end":{"line":35,"column":null}}},"fnMap":{"0":{"name":"match","decl":{"start":{"line":22,"column":16},"end":{"line":22,"column":null}},"loc":{"start":{"line":26,"column":68},"end":{"line":37,"column":null}},"line":26}},"branchMap":{"0":{"loc":{"start":{"line":26,"column":2},"end":{"line":26,"column":21}},"type":"default-arg","locations":[{"start":{"line":26,"column":15},"end":{"line":26,"column":21}}],"line":26},"1":{"loc":{"start":{"line":28,"column":2},"end":{"line":36,"column":null}},"type":"if","locations":[{"start":{"line":28,"column":2},"end":{"line":36,"column":null}},{"start":{"line":30,"column":2},"end":{"line":36,"column":null}}],"line":28},"2":{"loc":{"start":{"line":30,"column":2},"end":{"line":36,"column":null}},"type":"if","locations":[{"start":{"line":30,"column":2},"end":{"line":36,"column":null}},{"start":{"line":32,"column":2},"end":{"line":36,"column":null}}],"line":30},"3":{"loc":{"start":{"line":32,"column":2},"end":{"line":36,"column":null}},"type":"if","locations":[{"start":{"line":32,"column":2},"end":{"line":36,"column":null}},{"start":{"line":34,"column":9},"end":{"line":36,"column":null}}],"line":32}},"s":{"0":0,"1":0,"2":0,"3":0,"4":0,"5":0,"6":0,"7":0},"f":{"0":0},"b":{"0":[0],"1":[0,0],"2":[0,0],"3":[0,0]},"meta":{"lastBranch":4,"lastFunction":1,"lastStatement":8,"seen":{"f:22:16:22:Infinity":0,"b:26:15:26:21":0,"s:27:19:27:Infinity":0,"b:28:2:36:Infinity:30:2:36:Infinity":1,"s:28:2:36:Infinity":1,"s:29:4:29:Infinity":2,"b:30:2:36:Infinity:32:2:36:Infinity":2,"s:30:2:36:Infinity":3,"s:31:4:31:Infinity":4,"b:32:2:36:Infinity:34:9:36:Infinity":3,"s:32:2:36:Infinity":5,"s:33:4:33:Infinity":6,"s:35:4:35:Infinity":7}}},"/Users/winston/dev/personal/matchina/src/factory-machine.ts":{"path":"/Users/winston/dev/personal/matchina/src/factory-machine.ts","statementMap":{"0":{"start":{"line":71,"column":23},"end":{"line":71,"column":null}},"1":{"start":{"line":73,"column":22},"end":{"line":78,"column":null}},"2":{"start":{"line":81,"column":21},"end":{"line":81,"column":null}},"3":{"start":{"line":83,"column":8},"end":{"line":110,"column":null}},"4":{"start":{"line":88,"column":23},"end":{"line":88,"column":null}},"5":{"start":{"line":89,"column":22},"end":{"line":89,"column":null}},"6":{"start":{"line":91,"column":25},"end":{"line":95,"column":null}},"7":{"start":{"line":96,"column":8},"end":{"line":98,"column":null}},"8":{"start":{"line":97,"column":10},"end":{"line":97,"column":null}},"9":{"start":{"line":101,"column":19},"end":{"line":101,"column":null}},"10":{"start":{"line":102,"column":8},"end":{"line":104,"column":null}},"11":{"start":{"line":108,"column":6},"end":{"line":108,"column":null}},"12":{"start":{"line":112,"column":2},"end":{"line":112,"column":null}},"13":{"start":{"line":116,"column":20},"end":{"line":116,"column":null}},"14":{"start":{"line":117,"column":22},"end":{"line":117,"column":null}},"15":{"start":{"line":117,"column":44},"end":{"line":117,"column":61}},"16":{"start":{"line":118,"column":2},"end":{"line":130,"column":null}},"17":{"start":{"line":119,"column":4},"end":{"line":129,"column":null}},"18":{"start":{"line":120,"column":12},"end":{"line":120,"column":null}},"19":{"start":{"line":121,"column":6},"end":{"line":126,"column":null}},"20":{"start":{"line":128,"column":6},"end":{"line":128,"column":null}},"21":{"start":{"line":132,"column":2},"end":{"line":132,"column":null}},"22":{"start":{"line":150,"column":21},"end":{"line":150,"column":null}},"23":{"start":{"line":151,"column":2},"end":{"line":151,"column":null}},"24":{"start":{"line":169,"column":2},"end":{"line":171,"column":null}},"25":{"start":{"line":170,"column":4},"end":{"line":170,"column":null}},"26":{"start":{"line":173,"column":2},"end":{"line":176,"column":null}},"27":{"start":{"line":174,"column":22},"end":{"line":174,"column":null}},"28":{"start":{"line":175,"column":4},"end":{"line":175,"column":null}},"29":{"start":{"line":178,"column":2},"end":{"line":178,"column":null}}},"fnMap":{"0":{"name":"createMachine","decl":{"start":{"line":61,"column":16},"end":{"line":61,"column":null}},"loc":{"start":{"line":70,"column":22},"end":{"line":133,"column":null}},"line":70},"1":{"name":"(anonymous_1)","decl":{"start":{"line":88,"column":17},"end":{"line":88,"column":23}},"loc":{"start":{"line":88,"column":23},"end":{"line":88,"column":null}},"line":88},"2":{"name":"(anonymous_2)","decl":{"start":{"line":89,"column":16},"end":{"line":89,"column":22}},"loc":{"start":{"line":89,"column":22},"end":{"line":89,"column":null}},"line":89},"3":{"name":"(anonymous_3)","decl":{"start":{"line":90,"column":6},"end":{"line":90,"column":11}},"loc":{"start":{"line":90,"column":28},"end":{"line":99,"column":null}},"line":90},"4":{"name":"(anonymous_4)","decl":{"start":{"line":100,"column":19},"end":{"line":100,"column":20}},"loc":{"start":{"line":100,"column":27},"end":{"line":105,"column":null}},"line":100},"5":{"name":"(anonymous_5)","decl":{"start":{"line":107,"column":4},"end":{"line":107,"column":5}},"loc":{"start":{"line":107,"column":15},"end":{"line":109,"column":null}},"line":107},"6":{"name":"(anonymous_6)","decl":{"start":{"line":117,"column":37},"end":{"line":117,"column":44}},"loc":{"start":{"line":117,"column":44},"end":{"line":117,"column":61}},"line":117},"7":{"name":"resolveNextState","decl":{"start":{"line":145,"column":16},"end":{"line":145,"column":null}},"loc":{"start":{"line":149,"column":2},"end":{"line":152,"column":null}},"line":149},"8":{"name":"resolveExitState","decl":{"start":{"line":164,"column":16},"end":{"line":164,"column":null}},"loc":{"start":{"line":168,"column":2},"end":{"line":179,"column":null}},"line":168}},"branchMap":{"0":{"loc":{"start":{"line":71,"column":23},"end":{"line":71,"column":null}},"type":"cond-expr","locations":[{"start":{"line":71,"column":50},"end":{"line":71,"column":67}},{"start":{"line":71,"column":67},"end":{"line":71,"column":null}}],"line":71},"1":{"loc":{"start":{"line":81,"column":21},"end":{"line":81,"column":null}},"type":"cond-expr","locations":[{"start":{"line":81,"column":48},"end":{"line":81,"column":55}},{"start":{"line":81,"column":55},"end":{"line":81,"column":null}}],"line":81},"2":{"loc":{"start":{"line":96,"column":8},"end":{"line":98,"column":null}},"type":"if","locations":[{"start":{"line":96,"column":8},"end":{"line":98,"column":null}},{"start":{},"end":{}}],"line":96},"3":{"loc":{"start":{"line":102,"column":15},"end":{"line":104,"column":null}},"type":"cond-expr","locations":[{"start":{"line":103,"column":12},"end":{"line":103,"column":null}},{"start":{"line":104,"column":12},"end":{"line":104,"column":null}}],"line":102},"4":{"loc":{"start":{"line":118,"column":2},"end":{"line":130,"column":null}},"type":"if","locations":[{"start":{"line":118,"column":2},"end":{"line":130,"column":null}},{"start":{},"end":{}}],"line":118},"5":{"loc":{"start":{"line":169,"column":2},"end":{"line":171,"column":null}},"type":"if","locations":[{"start":{"line":169,"column":2},"end":{"line":171,"column":null}},{"start":{},"end":{}}],"line":169},"6":{"loc":{"start":{"line":173,"column":2},"end":{"line":176,"column":null}},"type":"if","locations":[{"start":{"line":173,"column":2},"end":{"line":176,"column":null}},{"start":{},"end":{}}],"line":173},"7":{"loc":{"start":{"line":175,"column":11},"end":{"line":175,"column":null}},"type":"cond-expr","locations":[{"start":{"line":175,"column":46},"end":{"line":175,"column":70}},{"start":{"line":175,"column":70},"end":{"line":175,"column":null}}],"line":175}},"s":{"0":55,"1":55,"2":55,"3":55,"4":0,"5":288,"6":0,"7":0,"8":0,"9":43,"10":43,"11":64,"12":55,"13":55,"14":55,"15":108,"16":55,"17":0,"18":0,"19":0,"20":0,"21":55,"22":43,"23":43,"24":43,"25":7,"26":36,"27":36,"28":36,"29":0},"f":{"0":55,"1":0,"2":288,"3":0,"4":43,"5":64,"6":108,"7":43,"8":43},"b":{"0":[55,0],"1":[55,0],"2":[0,0],"3":[36,7],"4":[0,55],"5":[7,36],"6":[36,0],"7":[0,36]},"meta":{"lastBranch":8,"lastFunction":9,"lastStatement":30,"seen":{"f:61:16:61:Infinity":0,"s:71:23:71:Infinity":0,"b:71:50:71:67:71:67:71:Infinity":0,"s:73:22:78:Infinity":1,"s:81:21:81:Infinity":2,"b:81:48:81:55:81:55:81:Infinity":1,"s:83:8:110:Infinity":3,"f:88:17:88:23":1,"s:88:23:88:Infinity":4,"f:89:16:89:22":2,"s:89:22:89:Infinity":5,"f:90:6:90:11":3,"s:91:25:95:Infinity":6,"b:96:8:98:Infinity:undefined:undefined:undefined:undefined":2,"s:96:8:98:Infinity":7,"s:97:10:97:Infinity":8,"f:100:19:100:20":4,"s:101:19:101:Infinity":9,"s:102:8:104:Infinity":10,"b:103:12:103:Infinity:104:12:104:Infinity":3,"f:107:4:107:5":5,"s:108:6:108:Infinity":11,"s:112:2:112:Infinity":12,"s:116:20:116:Infinity":13,"s:117:22:117:Infinity":14,"f:117:37:117:44":6,"s:117:44:117:61":15,"b:118:2:130:Infinity:undefined:undefined:undefined:undefined":4,"s:118:2:130:Infinity":16,"s:119:4:129:Infinity":17,"s:120:12:120:Infinity":18,"s:121:6:126:Infinity":19,"s:128:6:128:Infinity":20,"s:132:2:132:Infinity":21,"f:145:16:145:Infinity":7,"s:150:21:150:Infinity":22,"s:151:2:151:Infinity":23,"f:164:16:164:Infinity":8,"b:169:2:171:Infinity:undefined:undefined:undefined:undefined":5,"s:169:2:171:Infinity":24,"s:170:4:170:Infinity":25,"b:173:2:176:Infinity:undefined:undefined:undefined:undefined":6,"s:173:2:176:Infinity":26,"s:174:22:174:Infinity":27,"s:175:4:175:Infinity":28,"b:175:46:175:70:175:70:175:Infinity":7,"s:178:2:178:Infinity":29}}},"/Users/winston/dev/personal/matchina/src/matchbox-factory.ts":{"path":"/Users/winston/dev/personal/matchina/src/matchbox-factory.ts","statementMap":{"0":{"start":{"line":52,"column":2},"end":{"line":58,"column":null}},"1":{"start":{"line":53,"column":53},"end":{"line":53,"column":null}},"2":{"start":{"line":54,"column":4},"end":{"line":56,"column":null}},"3":{"start":{"line":55,"column":6},"end":{"line":55,"column":null}},"4":{"start":{"line":55,"column":33},"end":{"line":55,"column":null}},"5":{"start":{"line":57,"column":4},"end":{"line":57,"column":null}},"6":{"start":{"line":60,"column":25},"end":{"line":60,"column":null}},"7":{"start":{"line":61,"column":2},"end":{"line":75,"column":null}},"8":{"start":{"line":62,"column":18},"end":{"line":62,"column":null}},"9":{"start":{"line":63,"column":20},"end":{"line":69,"column":null}},"10":{"start":{"line":64,"column":6},"end":{"line":68,"column":null}},"11":{"start":{"line":71,"column":4},"end":{"line":73,"column":null}},"12":{"start":{"line":72,"column":7},"end":{"line":72,"column":null}},"13":{"start":{"line":74,"column":4},"end":{"line":74,"column":null}},"14":{"start":{"line":76,"column":2},"end":{"line":76,"column":null}},"15":{"start":{"line":96,"column":2},"end":{"line":96,"column":null}},"16":{"start":{"line":108,"column":11},"end":{"line":108,"column":null}},"17":{"start":{"line":111,"column":4},"end":{"line":114,"column":null}},"18":{"start":{"line":113,"column":20},"end":{"line":113,"column":null}},"19":{"start":{"line":122,"column":4},"end":{"line":125,"column":null}},"20":{"start":{"line":123,"column":18},"end":{"line":123,"column":null}},"21":{"start":{"line":124,"column":6},"end":{"line":124,"column":null}},"22":{"start":{"line":126,"column":4},"end":{"line":126,"column":null}},"23":{"start":{"line":134,"column":4},"end":{"line":134,"column":null}},"24":{"start":{"line":143,"column":16},"end":{"line":143,"column":null}},"25":{"start":{"line":144,"column":17},"end":{"line":144,"column":null}},"26":{"start":{"line":145,"column":4},"end":{"line":149,"column":null}},"27":{"start":{"line":146,"column":24},"end":{"line":146,"column":null}},"28":{"start":{"line":147,"column":18},"end":{"line":147,"column":null}},"29":{"start":{"line":148,"column":6},"end":{"line":148,"column":null}},"30":{"start":{"line":150,"column":4},"end":{"line":152,"column":null}},"31":{"start":{"line":151,"column":6},"end":{"line":151,"column":null}},"32":{"start":{"line":153,"column":22},"end":{"line":153,"column":null}},"33":{"start":{"line":154,"column":4},"end":{"line":156,"column":null}},"34":{"start":{"line":155,"column":6},"end":{"line":155,"column":null}},"35":{"start":{"line":157,"column":4},"end":{"line":157,"column":null}}},"fnMap":{"0":{"name":"matchboxFactory","decl":{"start":{"line":40,"column":16},"end":{"line":40,"column":null}},"loc":{"start":{"line":51,"column":49},"end":{"line":77,"column":null}},"line":51},"1":{"name":"(anonymous_1)","decl":{"start":{"line":55,"column":18},"end":{"line":55,"column":19}},"loc":{"start":{"line":55,"column":33},"end":{"line":55,"column":null}},"line":55},"2":{"name":"(anonymous_2)","decl":{"start":{"line":63,"column":20},"end":{"line":63,"column":24}},"loc":{"start":{"line":63,"column":38},"end":{"line":69,"column":null}},"line":63},"3":{"name":"matchbox","decl":{"start":{"line":87,"column":16},"end":{"line":87,"column":null}},"loc":{"start":{"line":95,"column":43},"end":{"line":97,"column":null}},"line":95},"4":{"name":"(anonymous_4)","decl":{"start":{"line":106,"column":2},"end":{"line":106,"column":null}},"loc":{"start":{"line":110,"column":4},"end":{"line":115,"column":null}},"line":110},"5":{"name":"(anonymous_5)","decl":{"start":{"line":113,"column":14},"end":{"line":113,"column":20}},"loc":{"start":{"line":113,"column":20},"end":{"line":113,"column":null}},"line":113},"6":{"name":"(anonymous_6)","decl":{"start":{"line":121,"column":2},"end":{"line":121,"column":5}},"loc":{"start":{"line":121,"column":32},"end":{"line":127,"column":null}},"line":121},"7":{"name":"(anonymous_7)","decl":{"start":{"line":133,"column":2},"end":{"line":133,"column":5}},"loc":{"start":{"line":133,"column":24},"end":{"line":135,"column":null}},"line":133},"8":{"name":"(anonymous_8)","decl":{"start":{"line":139,"column":2},"end":{"line":139,"column":null}},"loc":{"start":{"line":142,"column":9},"end":{"line":158,"column":null}},"line":142}},"branchMap":{"0":{"loc":{"start":{"line":51,"column":18},"end":{"line":51,"column":49}},"type":"default-arg","locations":[{"start":{"line":51,"column":28},"end":{"line":51,"column":49}}],"line":51},"1":{"loc":{"start":{"line":52,"column":2},"end":{"line":58,"column":null}},"type":"if","locations":[{"start":{"line":52,"column":2},"end":{"line":58,"column":null}},{"start":{},"end":{}}],"line":52},"2":{"loc":{"start":{"line":66,"column":8},"end":{"line":66,"column":null}},"type":"cond-expr","locations":[{"start":{"line":66,"column":37},"end":{"line":66,"column":53}},{"start":{"line":66,"column":53},"end":{"line":66,"column":null}}],"line":66},"3":{"loc":{"start":{"line":71,"column":4},"end":{"line":73,"column":null}},"type":"if","locations":[{"start":{"line":71,"column":4},"end":{"line":73,"column":null}},{"start":{},"end":{}}],"line":71},"4":{"loc":{"start":{"line":94,"column":2},"end":{"line":94,"column":null}},"type":"default-arg","locations":[{"start":{"line":94,"column":21},"end":{"line":94,"column":null}}],"line":94},"5":{"loc":{"start":{"line":109,"column":4},"end":{"line":109,"column":null}},"type":"default-arg","locations":[{"start":{"line":109,"column":23},"end":{"line":109,"column":null}}],"line":109},"6":{"loc":{"start":{"line":122,"column":4},"end":{"line":125,"column":null}},"type":"if","locations":[{"start":{"line":122,"column":4},"end":{"line":125,"column":null}},{"start":{},"end":{}}],"line":122},"7":{"loc":{"start":{"line":145,"column":4},"end":{"line":149,"column":null}},"type":"if","locations":[{"start":{"line":145,"column":4},"end":{"line":149,"column":null}},{"start":{},"end":{}}],"line":145},"8":{"loc":{"start":{"line":147,"column":18},"end":{"line":147,"column":null}},"type":"binary-expr","locations":[{"start":{"line":147,"column":18},"end":{"line":147,"column":43}},{"start":{"line":147,"column":43},"end":{"line":147,"column":null}}],"line":147},"9":{"loc":{"start":{"line":148,"column":13},"end":{"line":148,"column":null}},"type":"cond-expr","locations":[{"start":{"line":148,"column":40},"end":{"line":148,"column":51}},{"start":{"line":148,"column":51},"end":{"line":148,"column":null}}],"line":148},"10":{"loc":{"start":{"line":150,"column":4},"end":{"line":152,"column":null}},"type":"if","locations":[{"start":{"line":150,"column":4},"end":{"line":152,"column":null}},{"start":{},"end":{}}],"line":150},"11":{"loc":{"start":{"line":154,"column":4},"end":{"line":156,"column":null}},"type":"if","locations":[{"start":{"line":154,"column":4},"end":{"line":156,"column":null}},{"start":{},"end":{}}],"line":154}},"s":{"0":55,"1":0,"2":0,"3":0,"4":0,"5":0,"6":55,"7":55,"8":108,"9":108,"10":91,"11":108,"12":0,"13":108,"14":55,"15":91,"16":91,"17":91,"18":0,"19":0,"20":0,"21":0,"22":0,"23":0,"24":0,"25":0,"26":0,"27":0,"28":0,"29":0,"30":0,"31":0,"32":0,"33":0,"34":0,"35":0},"f":{"0":55,"1":0,"2":91,"3":91,"4":91,"5":0,"6":0,"7":0,"8":0},"b":{"0":[55],"1":[0,55],"2":[91,0],"3":[0,108],"4":[91],"5":[91],"6":[0,0],"7":[0,0],"8":[0,0],"9":[0,0],"10":[0,0],"11":[0,0]},"meta":{"lastBranch":12,"lastFunction":9,"lastStatement":36,"seen":{"f:40:16:40:Infinity":0,"b:51:28:51:49":0,"b:52:2:58:Infinity:undefined:undefined:undefined:undefined":1,"s:52:2:58:Infinity":0,"s:53:53:53:Infinity":1,"s:54:4:56:Infinity":2,"s:55:6:55:Infinity":3,"f:55:18:55:19":1,"s:55:33:55:Infinity":4,"s:57:4:57:Infinity":5,"s:60:25:60:Infinity":6,"s:61:2:75:Infinity":7,"s:62:18:62:Infinity":8,"s:63:20:69:Infinity":9,"f:63:20:63:24":2,"s:64:6:68:Infinity":10,"b:66:37:66:53:66:53:66:Infinity":2,"b:71:4:73:Infinity:undefined:undefined:undefined:undefined":3,"s:71:4:73:Infinity":11,"s:72:7:72:Infinity":12,"s:74:4:74:Infinity":13,"s:76:2:76:Infinity":14,"f:87:16:87:Infinity":3,"b:94:21:94:Infinity":4,"s:96:2:96:Infinity":15,"f:106:2:106:Infinity":4,"b:109:23:109:Infinity":5,"s:108:11:108:Infinity":16,"s:111:4:114:Infinity":17,"f:113:14:113:20":5,"s:113:20:113:Infinity":18,"f:121:2:121:5":6,"b:122:4:125:Infinity:undefined:undefined:undefined:undefined":6,"s:122:4:125:Infinity":19,"s:123:18:123:Infinity":20,"s:124:6:124:Infinity":21,"s:126:4:126:Infinity":22,"f:133:2:133:5":7,"s:134:4:134:Infinity":23,"f:139:2:139:Infinity":8,"s:143:16:143:Infinity":24,"s:144:17:144:Infinity":25,"b:145:4:149:Infinity:undefined:undefined:undefined:undefined":7,"s:145:4:149:Infinity":26,"s:146:24:146:Infinity":27,"s:147:18:147:Infinity":28,"b:147:18:147:43:147:43:147:Infinity":8,"s:148:6:148:Infinity":29,"b:148:40:148:51:148:51:148:Infinity":9,"b:150:4:152:Infinity:undefined:undefined:undefined:undefined":10,"s:150:4:152:Infinity":30,"s:151:6:151:Infinity":31,"s:153:22:153:Infinity":32,"b:154:4:156:Infinity:undefined:undefined:undefined:undefined":11,"s:154:4:156:Infinity":33,"s:155:6:155:Infinity":34,"s:157:4:157:Infinity":35}}},"/Users/winston/dev/personal/matchina/src/state-machine-hook-adapters.ts":{"path":"/Users/winston/dev/personal/matchina/src/state-machine-hook-adapters.ts","statementMap":{"0":{"start":{"line":36,"column":28},"end":{"line":49,"column":null}},"1":{"start":{"line":37,"column":61},"end":{"line":37,"column":null}},"2":{"start":{"line":41,"column":22},"end":{"line":41,"column":null}},"3":{"start":{"line":41,"column":23},"end":{"line":41,"column":null}},"4":{"start":{"line":42,"column":24},"end":{"line":42,"column":null}},"5":{"start":{"line":42,"column":25},"end":{"line":42,"column":null}},"6":{"start":{"line":43,"column":11},"end":{"line":43,"column":null}}},"fnMap":{"0":{"name":"(anonymous_0)","decl":{"start":{"line":37,"column":8},"end":{"line":37,"column":12}},"loc":{"start":{"line":37,"column":61},"end":{"line":37,"column":null}},"line":37},"1":{"name":"(anonymous_1)","decl":{"start":{"line":41,"column":9},"end":{"line":41,"column":10}},"loc":{"start":{"line":41,"column":22},"end":{"line":41,"column":null}},"line":41},"2":{"name":"(anonymous_2)","decl":{"start":{"line":41,"column":22},"end":{"line":41,"column":23}},"loc":{"start":{"line":41,"column":23},"end":{"line":41,"column":null}},"line":41},"3":{"name":"(anonymous_3)","decl":{"start":{"line":42,"column":10},"end":{"line":42,"column":11}},"loc":{"start":{"line":42,"column":24},"end":{"line":42,"column":null}},"line":42},"4":{"name":"(anonymous_4)","decl":{"start":{"line":42,"column":24},"end":{"line":42,"column":25}},"loc":{"start":{"line":42,"column":25},"end":{"line":42,"column":null}},"line":42},"5":{"name":"(anonymous_5)","decl":{"start":{"line":43,"column":10},"end":{"line":43,"column":11}},"loc":{"start":{"line":43,"column":11},"end":{"line":43,"column":null}},"line":43}},"branchMap":{},"s":{"0":1,"1":58,"2":0,"3":0,"4":0,"5":0,"6":0},"f":{"0":58,"1":0,"2":0,"3":0,"4":0,"5":0},"b":{},"meta":{"lastBranch":0,"lastFunction":6,"lastStatement":7,"seen":{"s:36:28:49:Infinity":0,"f:37:8:37:12":0,"s:37:61:37:Infinity":1,"f:41:9:41:10":1,"s:41:22:41:Infinity":2,"f:41:22:41:23":2,"s:41:23:41:Infinity":3,"f:42:10:42:11":3,"s:42:24:42:Infinity":4,"f:42:24:42:25":4,"s:42:25:42:Infinity":5,"f:43:10:43:11":5,"s:43:11:43:Infinity":6}}},"/Users/winston/dev/personal/matchina/src/nesting/shape-store.ts":{"path":"/Users/winston/dev/personal/matchina/src/nesting/shape-store.ts","statementMap":{"0":{"start":{"line":20,"column":8},"end":{"line":23,"column":null}},"1":{"start":{"line":24,"column":22},"end":{"line":24,"column":null}},"2":{"start":{"line":26,"column":2},"end":{"line":41,"column":null}},"3":{"start":{"line":28,"column":6},"end":{"line":28,"column":null}},"4":{"start":{"line":32,"column":6},"end":{"line":32,"column":null}},"5":{"start":{"line":33,"column":6},"end":{"line":35,"column":null}},"6":{"start":{"line":34,"column":8},"end":{"line":34,"column":null}},"7":{"start":{"line":52,"column":41},"end":{"line":52,"column":null}},"8":{"start":{"line":53,"column":22},"end":{"line":53,"column":null}},"9":{"start":{"line":56,"column":4},"end":{"line":56,"column":null}},"10":{"start":{"line":56,"column":21},"end":{"line":56,"column":null}},"11":{"start":{"line":57,"column":4},"end":{"line":57,"column":null}},"12":{"start":{"line":58,"column":4},"end":{"line":58,"column":null}},"13":{"start":{"line":61,"column":2},"end":{"line":80,"column":null}},"14":{"start":{"line":63,"column":6},"end":{"line":63,"column":null}},"15":{"start":{"line":67,"column":6},"end":{"line":67,"column":null}},"16":{"start":{"line":68,"column":6},"end":{"line":70,"column":null}},"17":{"start":{"line":69,"column":8},"end":{"line":69,"column":null}},"18":{"start":{"line":75,"column":6},"end":{"line":75,"column":null}},"19":{"start":{"line":76,"column":6},"end":{"line":78,"column":null}},"20":{"start":{"line":77,"column":8},"end":{"line":77,"column":null}}},"fnMap":{"0":{"name":"createStaticShapeStore","decl":{"start":{"line":19,"column":16},"end":{"line":19,"column":39}},"loc":{"start":{"line":19,"column":86},"end":{"line":42,"column":null}},"line":19},"1":{"name":"(anonymous_1)","decl":{"start":{"line":27,"column":4},"end":{"line":27,"column":29}},"loc":{"start":{"line":27,"column":29},"end":{"line":29,"column":null}},"line":27},"2":{"name":"(anonymous_2)","decl":{"start":{"line":31,"column":4},"end":{"line":31,"column":14}},"loc":{"start":{"line":31,"column":67},"end":{"line":36,"column":null}},"line":31},"3":{"name":"(anonymous_3)","decl":{"start":{"line":33,"column":13},"end":{"line":33,"column":19}},"loc":{"start":{"line":33,"column":19},"end":{"line":35,"column":null}},"line":33},"4":{"name":"(anonymous_4)","decl":{"start":{"line":38,"column":4},"end":{"line":38,"column":11}},"loc":{"start":{"line":38,"column":28},"end":{"line":40,"column":null}},"line":38},"5":{"name":"createLazyShapeStore","decl":{"start":{"line":51,"column":16},"end":{"line":51,"column":37}},"loc":{"start":{"line":51,"column":84},"end":{"line":81,"column":null}},"line":51},"6":{"name":"buildShape","decl":{"start":{"line":55,"column":11},"end":{"line":55,"column":38}},"loc":{"start":{"line":55,"column":38},"end":{"line":59,"column":null}},"line":55},"7":{"name":"(anonymous_7)","decl":{"start":{"line":62,"column":4},"end":{"line":62,"column":29}},"loc":{"start":{"line":62,"column":29},"end":{"line":64,"column":null}},"line":62},"8":{"name":"(anonymous_8)","decl":{"start":{"line":66,"column":4},"end":{"line":66,"column":14}},"loc":{"start":{"line":66,"column":67},"end":{"line":71,"column":null}},"line":66},"9":{"name":"(anonymous_9)","decl":{"start":{"line":68,"column":13},"end":{"line":68,"column":19}},"loc":{"start":{"line":68,"column":19},"end":{"line":70,"column":null}},"line":68},"10":{"name":"(anonymous_10)","decl":{"start":{"line":73,"column":4},"end":{"line":73,"column":11}},"loc":{"start":{"line":73,"column":28},"end":{"line":79,"column":null}},"line":73}},"branchMap":{"0":{"loc":{"start":{"line":56,"column":4},"end":{"line":56,"column":null}},"type":"if","locations":[{"start":{"line":56,"column":4},"end":{"line":56,"column":null}},{"start":{},"end":{}}],"line":56}},"s":{"0":0,"1":0,"2":0,"3":0,"4":0,"5":0,"6":0,"7":0,"8":0,"9":0,"10":0,"11":0,"12":0,"13":0,"14":0,"15":0,"16":0,"17":0,"18":0,"19":0,"20":0},"f":{"0":0,"1":0,"2":0,"3":0,"4":0,"5":0,"6":0,"7":0,"8":0,"9":0,"10":0},"b":{"0":[0,0]},"meta":{"lastBranch":1,"lastFunction":11,"lastStatement":21,"seen":{"f:19:16:19:39":0,"s:20:8:23:Infinity":0,"s:24:22:24:Infinity":1,"s:26:2:41:Infinity":2,"f:27:4:27:29":1,"s:28:6:28:Infinity":3,"f:31:4:31:14":2,"s:32:6:32:Infinity":4,"s:33:6:35:Infinity":5,"f:33:13:33:19":3,"s:34:8:34:Infinity":6,"f:38:4:38:11":4,"f:51:16:51:37":5,"s:52:41:52:Infinity":7,"s:53:22:53:Infinity":8,"f:55:11:55:38":6,"b:56:4:56:Infinity:undefined:undefined:undefined:undefined":0,"s:56:4:56:Infinity":9,"s:56:21:56:Infinity":10,"s:57:4:57:Infinity":11,"s:58:4:58:Infinity":12,"s:61:2:80:Infinity":13,"f:62:4:62:29":7,"s:63:6:63:Infinity":14,"f:66:4:66:14":8,"s:67:6:67:Infinity":15,"s:68:6:70:Infinity":16,"f:68:13:68:19":9,"s:69:8:69:Infinity":17,"f:73:4:73:11":10,"s:75:6:75:Infinity":18,"s:76:6:78:Infinity":19,"s:77:8:77:Infinity":20}}},"/Users/winston/dev/personal/matchina/src/state-machine-hooks.ts":{"path":"/Users/winston/dev/personal/matchina/src/state-machine-hooks.ts","statementMap":{"0":{"start":{"line":17,"column":2},"end":{"line":21,"column":null}},"1":{"start":{"line":18,"column":2},"end":{"line":21,"column":null}},"2":{"start":{"line":19,"column":7},"end":{"line":21,"column":null}},"3":{"start":{"line":35,"column":2},"end":{"line":40,"column":null}},"4":{"start":{"line":39,"column":2},"end":{"line":40,"column":null}},"5":{"start":{"line":40,"column":4},"end":{"line":40,"column":null}},"6":{"start":{"line":52,"column":2},"end":{"line":59,"column":null}},"7":{"start":{"line":56,"column":2},"end":{"line":59,"column":null}},"8":{"start":{"line":57,"column":16},"end":{"line":57,"column":null}},"9":{"start":{"line":58,"column":4},"end":{"line":58,"column":null}},"10":{"start":{"line":73,"column":22},"end":{"line":73,"column":null}},"11":{"start":{"line":85,"column":26},"end":{"line":85,"column":null}},"12":{"start":{"line":97,"column":27},"end":{"line":97,"column":null}},"13":{"start":{"line":109,"column":21},"end":{"line":109,"column":null}},"14":{"start":{"line":121,"column":22},"end":{"line":121,"column":null}},"15":{"start":{"line":133,"column":22},"end":{"line":133,"column":null}},"16":{"start":{"line":148,"column":22},"end":{"line":148,"column":null}},"17":{"start":{"line":160,"column":21},"end":{"line":160,"column":null}},"18":{"start":{"line":172,"column":21},"end":{"line":172,"column":null}},"19":{"start":{"line":184,"column":21},"end":{"line":184,"column":null}},"20":{"start":{"line":196,"column":22},"end":{"line":196,"column":null}},"21":{"start":{"line":208,"column":20},"end":{"line":208,"column":null}}},"fnMap":{"0":{"name":"(anonymous_0)","decl":{"start":{"line":17,"column":2},"end":{"line":17,"column":38}},"loc":{"start":{"line":18,"column":2},"end":{"line":21,"column":null}},"line":18},"1":{"name":"(anonymous_1)","decl":{"start":{"line":18,"column":2},"end":{"line":18,"column":null}},"loc":{"start":{"line":19,"column":7},"end":{"line":21,"column":null}},"line":19},"2":{"name":"(anonymous_2)","decl":{"start":{"line":35,"column":2},"end":{"line":35,"column":null}},"loc":{"start":{"line":39,"column":2},"end":{"line":40,"column":null}},"line":39},"3":{"name":"(anonymous_3)","decl":{"start":{"line":39,"column":2},"end":{"line":39,"column":3}},"loc":{"start":{"line":40,"column":4},"end":{"line":40,"column":null}},"line":40},"4":{"name":"(anonymous_4)","decl":{"start":{"line":52,"column":2},"end":{"line":52,"column":null}},"loc":{"start":{"line":56,"column":2},"end":{"line":59,"column":null}},"line":56},"5":{"name":"(anonymous_5)","decl":{"start":{"line":56,"column":2},"end":{"line":56,"column":3}},"loc":{"start":{"line":56,"column":10},"end":{"line":59,"column":null}},"line":56}},"branchMap":{"0":{"loc":{"start":{"line":57,"column":16},"end":{"line":57,"column":null}},"type":"binary-expr","locations":[{"start":{"line":57,"column":16},"end":{"line":57,"column":29}},{"start":{"line":57,"column":29},"end":{"line":57,"column":null}}],"line":57}},"s":{"0":1,"1":12,"2":64,"3":1,"4":0,"5":0,"6":1,"7":0,"8":0,"9":0,"10":1,"11":1,"12":1,"13":1,"14":1,"15":1,"16":1,"17":1,"18":1,"19":1,"20":1,"21":1},"f":{"0":12,"1":64,"2":0,"3":0,"4":0,"5":0},"b":{"0":[0,0]},"meta":{"lastBranch":1,"lastFunction":6,"lastStatement":22,"seen":{"s:17:2:21:Infinity":0,"f:17:2:17:38":0,"s:18:2:21:Infinity":1,"f:18:2:18:Infinity":1,"s:19:7:21:Infinity":2,"s:35:2:40:Infinity":3,"f:35:2:35:Infinity":2,"s:39:2:40:Infinity":4,"f:39:2:39:3":3,"s:40:4:40:Infinity":5,"s:52:2:59:Infinity":6,"f:52:2:52:Infinity":4,"s:56:2:59:Infinity":7,"f:56:2:56:3":5,"s:57:16:57:Infinity":8,"b:57:16:57:29:57:29:57:Infinity":0,"s:58:4:58:Infinity":9,"s:73:22:73:Infinity":10,"s:85:26:85:Infinity":11,"s:97:27:97:Infinity":12,"s:109:21:109:Infinity":13,"s:121:22:121:Infinity":14,"s:133:22:133:Infinity":15,"s:148:22:148:Infinity":16,"s:160:21:160:Infinity":17,"s:172:21:172:Infinity":18,"s:184:21:184:Infinity":19,"s:196:22:196:Infinity":20,"s:208:20:208:Infinity":21}}},"/Users/winston/dev/personal/matchina/src/nesting/shape-builders.ts":{"path":"/Users/winston/dev/personal/matchina/src/nesting/shape-builders.ts","statementMap":{"0":{"start":{"line":22,"column":17},"end":{"line":22,"column":null}},"1":{"start":{"line":23,"column":24},"end":{"line":23,"column":null}},"2":{"start":{"line":24,"column":20},"end":{"line":24,"column":null}},"3":{"start":{"line":25,"column":23},"end":{"line":25,"column":null}},"4":{"start":{"line":28,"column":2},"end":{"line":89,"column":null}},"5":{"start":{"line":29,"column":21},"end":{"line":29,"column":null}},"6":{"start":{"line":30,"column":20},"end":{"line":30,"column":null}},"7":{"start":{"line":31,"column":18},"end":{"line":31,"column":null}},"8":{"start":{"line":32,"column":22},"end":{"line":32,"column":null}},"9":{"start":{"line":34,"column":4},"end":{"line":39,"column":null}},"10":{"start":{"line":41,"column":4},"end":{"line":41,"column":null}},"11":{"start":{"line":44,"column":18},"end":{"line":44,"column":null}},"12":{"start":{"line":45,"column":4},"end":{"line":82,"column":null}},"13":{"start":{"line":46,"column":6},"end":{"line":81,"column":null}},"14":{"start":{"line":48,"column":8},"end":{"line":48,"column":null}},"15":{"start":{"line":49,"column":6},"end":{"line":81,"column":null}},"16":{"start":{"line":51,"column":14},"end":{"line":51,"column":null}},"17":{"start":{"line":52,"column":8},"end":{"line":80,"column":null}},"18":{"start":{"line":54,"column":10},"end":{"line":56,"column":null}},"19":{"start":{"line":55,"column":12},"end":{"line":55,"column":null}},"20":{"start":{"line":59,"column":10},"end":{"line":79,"column":null}},"21":{"start":{"line":61,"column":32},"end":{"line":61,"column":null}},"22":{"start":{"line":62,"column":27},"end":{"line":62,"column":null}},"23":{"start":{"line":65,"column":12},"end":{"line":75,"column":null}},"24":{"start":{"line":67,"column":14},"end":{"line":67,"column":null}},"25":{"start":{"line":68,"column":12},"end":{"line":75,"column":null}},"26":{"start":{"line":70,"column":33},"end":{"line":70,"column":null}},"27":{"start":{"line":71,"column":28},"end":{"line":71,"column":null}},"28":{"start":{"line":72,"column":14},"end":{"line":74,"column":null}},"29":{"start":{"line":73,"column":16},"end":{"line":73,"column":null}},"30":{"start":{"line":83,"column":4},"end":{"line":83,"column":null}},"31":{"start":{"line":86,"column":4},"end":{"line":88,"column":null}},"32":{"start":{"line":87,"column":6},"end":{"line":87,"column":null}},"33":{"start":{"line":92,"column":2},"end":{"line":107,"column":null}},"34":{"start":{"line":93,"column":4},"end":{"line":106,"column":null}},"35":{"start":{"line":94,"column":20},"end":{"line":94,"column":null}},"36":{"start":{"line":95,"column":29},"end":{"line":95,"column":null}},"37":{"start":{"line":97,"column":6},"end":{"line":102,"column":null}},"38":{"start":{"line":104,"column":6},"end":{"line":104,"column":null}},"39":{"start":{"line":105,"column":6},"end":{"line":105,"column":null}},"40":{"start":{"line":109,"column":2},"end":{"line":115,"column":null}},"41":{"start":{"line":125,"column":17},"end":{"line":125,"column":null}},"42":{"start":{"line":126,"column":24},"end":{"line":126,"column":null}},"43":{"start":{"line":127,"column":20},"end":{"line":127,"column":null}},"44":{"start":{"line":128,"column":18},"end":{"line":128,"column":null}},"45":{"start":{"line":130,"column":23},"end":{"line":130,"column":null}},"46":{"start":{"line":131,"column":22},"end":{"line":131,"column":null}},"47":{"start":{"line":136,"column":26},"end":{"line":136,"column":null}},"48":{"start":{"line":137,"column":31},"end":{"line":137,"column":null}},"49":{"start":{"line":139,"column":4},"end":{"line":220,"column":null}},"50":{"start":{"line":140,"column":22},"end":{"line":140,"column":null}},"51":{"start":{"line":143,"column":6},"end":{"line":143,"column":null}},"52":{"start":{"line":143,"column":32},"end":{"line":143,"column":null}},"53":{"start":{"line":144,"column":6},"end":{"line":144,"column":null}},"54":{"start":{"line":147,"column":31},"end":{"line":147,"column":null}},"55":{"start":{"line":148,"column":22},"end":{"line":148,"column":null}},"56":{"start":{"line":150,"column":6},"end":{"line":155,"column":null}},"57":{"start":{"line":156,"column":6},"end":{"line":156,"column":null}},"58":{"start":{"line":159,"column":20},"end":{"line":159,"column":null}},"59":{"start":{"line":160,"column":6},"end":{"line":197,"column":null}},"60":{"start":{"line":161,"column":8},"end":{"line":196,"column":null}},"61":{"start":{"line":163,"column":10},"end":{"line":163,"column":null}},"62":{"start":{"line":164,"column":8},"end":{"line":196,"column":null}},"63":{"start":{"line":166,"column":16},"end":{"line":166,"column":null}},"64":{"start":{"line":167,"column":10},"end":{"line":195,"column":null}},"65":{"start":{"line":169,"column":12},"end":{"line":171,"column":null}},"66":{"start":{"line":170,"column":14},"end":{"line":170,"column":null}},"67":{"start":{"line":174,"column":12},"end":{"line":194,"column":null}},"68":{"start":{"line":176,"column":34},"end":{"line":176,"column":null}},"69":{"start":{"line":177,"column":29},"end":{"line":177,"column":null}},"70":{"start":{"line":180,"column":14},"end":{"line":190,"column":null}},"71":{"start":{"line":182,"column":16},"end":{"line":182,"column":null}},"72":{"start":{"line":183,"column":14},"end":{"line":190,"column":null}},"73":{"start":{"line":185,"column":35},"end":{"line":185,"column":null}},"74":{"start":{"line":186,"column":30},"end":{"line":186,"column":null}},"75":{"start":{"line":187,"column":16},"end":{"line":189,"column":null}},"76":{"start":{"line":188,"column":18},"end":{"line":188,"column":null}},"77":{"start":{"line":198,"column":6},"end":{"line":198,"column":null}},"78":{"start":{"line":201,"column":30},"end":{"line":201,"column":null}},"79":{"start":{"line":202,"column":6},"end":{"line":219,"column":null}},"80":{"start":{"line":203,"column":8},"end":{"line":218,"column":null}},"81":{"start":{"line":205,"column":25},"end":{"line":205,"column":null}},"82":{"start":{"line":206,"column":31},"end":{"line":206,"column":null}},"83":{"start":{"line":209,"column":28},"end":{"line":209,"column":null}},"84":{"start":{"line":210,"column":10},"end":{"line":212,"column":null}},"85":{"start":{"line":211,"column":12},"end":{"line":211,"column":null}},"86":{"start":{"line":215,"column":10},"end":{"line":215,"column":null}},"87":{"start":{"line":224,"column":2},"end":{"line":224,"column":null}},"88":{"start":{"line":226,"column":2},"end":{"line":232,"column":null}}},"fnMap":{"0":{"name":"buildFlattenedShape","decl":{"start":{"line":18,"column":16},"end":{"line":18,"column":null}},"loc":{"start":{"line":21,"column":16},"end":{"line":116,"column":null}},"line":21},"1":{"name":"buildHierarchicalShape","decl":{"start":{"line":124,"column":16},"end":{"line":124,"column":39}},"loc":{"start":{"line":124,"column":83},"end":{"line":233,"column":null}},"line":124},"2":{"name":"walkMachine","decl":{"start":{"line":134,"column":11},"end":{"line":134,"column":23}},"loc":{"start":{"line":134,"column":61},"end":{"line":221,"column":null}},"line":134}},"branchMap":{"0":{"loc":{"start":{"line":32,"column":22},"end":{"line":32,"column":null}},"type":"cond-expr","locations":[{"start":{"line":32,"column":41},"end":{"line":32,"column":72}},{"start":{"line":32,"column":72},"end":{"line":32,"column":null}}],"line":32},"1":{"loc":{"start":{"line":46,"column":6},"end":{"line":81,"column":null}},"type":"if","locations":[{"start":{"line":46,"column":6},"end":{"line":81,"column":null}},{"start":{"line":49,"column":6},"end":{"line":81,"column":null}}],"line":46},"2":{"loc":{"start":{"line":49,"column":6},"end":{"line":81,"column":null}},"type":"if","locations":[{"start":{"line":49,"column":6},"end":{"line":81,"column":null}},{"start":{},"end":{}}],"line":49},"3":{"loc":{"start":{"line":52,"column":8},"end":{"line":80,"column":null}},"type":"if","locations":[{"start":{"line":52,"column":8},"end":{"line":80,"column":null}},{"start":{"line":57,"column":15},"end":{"line":80,"column":null}}],"line":52},"4":{"loc":{"start":{"line":52,"column":12},"end":{"line":52,"column":43}},"type":"binary-expr","locations":[{"start":{"line":52,"column":12},"end":{"line":52,"column":23}},{"start":{"line":52,"column":23},"end":{"line":52,"column":43}}],"line":52},"5":{"loc":{"start":{"line":65,"column":12},"end":{"line":75,"column":null}},"type":"if","locations":[{"start":{"line":65,"column":12},"end":{"line":75,"column":null}},{"start":{"line":68,"column":12},"end":{"line":75,"column":null}}],"line":65},"6":{"loc":{"start":{"line":65,"column":16},"end":{"line":65,"column":73}},"type":"binary-expr","locations":[{"start":{"line":65,"column":16},"end":{"line":65,"column":26}},{"start":{"line":65,"column":26},"end":{"line":65,"column":56}},{"start":{"line":65,"column":56},"end":{"line":65,"column":73}}],"line":65},"7":{"loc":{"start":{"line":68,"column":12},"end":{"line":75,"column":null}},"type":"if","locations":[{"start":{"line":68,"column":12},"end":{"line":75,"column":null}},{"start":{},"end":{}}],"line":68},"8":{"loc":{"start":{"line":72,"column":14},"end":{"line":74,"column":null}},"type":"if","locations":[{"start":{"line":72,"column":14},"end":{"line":74,"column":null}},{"start":{},"end":{}}],"line":72},"9":{"loc":{"start":{"line":72,"column":18},"end":{"line":72,"column":72}},"type":"binary-expr","locations":[{"start":{"line":72,"column":18},"end":{"line":72,"column":27}},{"start":{"line":72,"column":27},"end":{"line":72,"column":56}},{"start":{"line":72,"column":56},"end":{"line":72,"column":72}}],"line":72},"10":{"loc":{"start":{"line":86,"column":4},"end":{"line":88,"column":null}},"type":"if","locations":[{"start":{"line":86,"column":4},"end":{"line":88,"column":null}},{"start":{},"end":{}}],"line":86},"11":{"loc":{"start":{"line":93,"column":4},"end":{"line":106,"column":null}},"type":"if","locations":[{"start":{"line":93,"column":4},"end":{"line":106,"column":null}},{"start":{},"end":{}}],"line":93},"12":{"loc":{"start":{"line":95,"column":29},"end":{"line":95,"column":null}},"type":"cond-expr","locations":[{"start":{"line":95,"column":48},"end":{"line":95,"column":79}},{"start":{"line":95,"column":79},"end":{"line":95,"column":null}}],"line":95},"13":{"loc":{"start":{"line":131,"column":22},"end":{"line":131,"column":null}},"type":"binary-expr","locations":[{"start":{"line":131,"column":22},"end":{"line":131,"column":52}},{"start":{"line":131,"column":52},"end":{"line":131,"column":73}},{"start":{"line":131,"column":73},"end":{"line":131,"column":null}}],"line":131},"14":{"loc":{"start":{"line":136,"column":26},"end":{"line":136,"column":null}},"type":"binary-expr","locations":[{"start":{"line":136,"column":26},"end":{"line":136,"column":38}},{"start":{"line":136,"column":38},"end":{"line":136,"column":null}}],"line":136},"15":{"loc":{"start":{"line":137,"column":31},"end":{"line":137,"column":null}},"type":"binary-expr","locations":[{"start":{"line":137,"column":31},"end":{"line":137,"column":48}},{"start":{"line":137,"column":48},"end":{"line":137,"column":null}}],"line":137},"16":{"loc":{"start":{"line":140,"column":22},"end":{"line":140,"column":null}},"type":"cond-expr","locations":[{"start":{"line":140,"column":38},"end":{"line":140,"column":71}},{"start":{"line":140,"column":71},"end":{"line":140,"column":null}}],"line":140},"17":{"loc":{"start":{"line":143,"column":6},"end":{"line":143,"column":null}},"type":"if","locations":[{"start":{"line":143,"column":6},"end":{"line":143,"column":null}},{"start":{},"end":{}}],"line":143},"18":{"loc":{"start":{"line":147,"column":31},"end":{"line":147,"column":null}},"type":"binary-expr","locations":[{"start":{"line":147,"column":31},"end":{"line":147,"column":63}},{"start":{"line":147,"column":63},"end":{"line":147,"column":null}}],"line":147},"19":{"loc":{"start":{"line":161,"column":8},"end":{"line":196,"column":null}},"type":"if","locations":[{"start":{"line":161,"column":8},"end":{"line":196,"column":null}},{"start":{"line":164,"column":8},"end":{"line":196,"column":null}}],"line":161},"20":{"loc":{"start":{"line":164,"column":8},"end":{"line":196,"column":null}},"type":"if","locations":[{"start":{"line":164,"column":8},"end":{"line":196,"column":null}},{"start":{},"end":{}}],"line":164},"21":{"loc":{"start":{"line":167,"column":10},"end":{"line":195,"column":null}},"type":"if","locations":[{"start":{"line":167,"column":10},"end":{"line":195,"column":null}},{"start":{"line":172,"column":17},"end":{"line":195,"column":null}}],"line":16
[...]
53":3,"s:193:6:196:Infinity":4,"b:194:14:194:30:194:30:194:Infinity":4,"f:194:30:194:37":1,"s:194:37:194:Infinity":5,"b:200:4:202:Infinity:undefined:undefined:undefined:undefined":5,"s:200:4:202:Infinity":6,"s:201:6:201:Infinity":7,"s:205:2:205:Infinity":8,"f:215:9:215:Infinity":2,"b:217:11:217:Infinity":6,"s:219:90:219:Infinity":9,"s:221:2:255:Infinity":10,"s:222:20:222:Infinity":11,"b:222:29:222:50:222:50:222:Infinity":7,"s:223:22:223:Infinity":12,"b:223:22:223:32:223:32:223:Infinity":8,"b:226:4:248:Infinity:undefined:undefined:undefined:undefined":9,"s:226:4:248:Infinity":13,"s:227:6:227:Infinity":14,"s:229:6:247:Infinity":15,"b:230:8:246:Infinity:243:15:246:Infinity":10,"s:230:8:246:Infinity":16,"b:232:10:242:Infinity:235:10:242:Infinity":11,"s:232:10:242:Infinity":17,"s:234:12:234:Infinity":18,"b:235:10:242:Infinity:238:17:242:Infinity":12,"s:235:10:242:Infinity":19,"s:237:12:237:Infinity":20,"s:241:12:241:Infinity":21,"b:241:52:241:79:241:79:241:Infinity":13,"s:245:10:245:Infinity":22,"b:252:4:254:Infinity:undefined:undefined:undefined:undefined":14,"s:252:4:254:Infinity":23,"s:253:6:253:Infinity":24,"s:257:2:257:Infinity":25,"f:265:9:265:Infinity":3,"s:269:16:269:Infinity":26,"s:270:16:270:Infinity":27,"s:271:20:271:Infinity":28,"s:273:2:292:Infinity":29,"s:273:15:273:18":30,"s:274:17:274:Infinity":31,"s:275:23:275:Infinity":32,"s:277:4:277:Infinity":33,"b:277:32:277:59:277:59:277:Infinity":15,"s:278:24:278:Infinity":34,"b:280:4:280:Infinity:undefined:undefined:undefined:undefined":16,"s:280:4:280:Infinity":35,"s:280:22:280:Infinity":36,"b:285:4:291:Infinity:288:4:291:Infinity":17,"s:285:4:291:Infinity":37,"b:285:8:285:22:285:22:285:44:285:44:285:65":18,"s:286:6:286:Infinity":38,"s:287:6:287:Infinity":39,"b:288:4:291:Infinity:undefined:undefined:undefined:undefined":19,"s:288:4:291:Infinity":40,"s:290:6:290:Infinity":41,"s:294:2:294:Infinity":42,"f:325:16:325:45":4,"s:327:21:327:Infinity":43,"s:330:26:330:Infinity":44,"s:333:2:347:Infinity":45,"s:334:4:346:Infinity":46,"b:335:6:345:Infinity:undefined:undefined:undefined:undefined":20,"s:335:6:345:Infinity":47,"s:337:8:344:Infinity":48,"s:338:27:338:Infinity":49,"b:339:10:341:Infinity:undefined:undefined:undefined:undefined":21,"s:339:10:341:Infinity":50,"s:340:12:340:Infinity":51,"s:350:68:350:Infinity":52,"s:351:2:356:Infinity":53,"s:352:4:355:Infinity":54,"f:352:26:352:30":5,"s:353:24:353:Infinity":55,"s:354:6:354:Infinity":56,"b:354:21:354:47:354:47:354:Infinity":22,"s:358:8:358:Infinity":57,"s:361:21:361:Infinity":58,"s:366:2:366:Infinity":59}}},"/Users/winston/dev/personal/matchina/src/integrations/zod.ts":{"path":"/Users/winston/dev/personal/matchina/src/integrations/zod.ts","statementMap":{"0":{"start":{"line":38,"column":25},"end":{"line":38,"column":null}},"1":{"start":{"line":40,"column":2},"end":{"line":42,"column":null}},"2":{"start":{"line":41,"column":4},"end":{"line":41,"column":null}},"3":{"start":{"line":41,"column":41},"end":{"line":41,"column":null}},"4":{"start":{"line":44,"column":2},"end":{"line":44,"column":null}}},"fnMap":{"0":{"name":"defineZodStates","decl":{"start":{"line":29,"column":16},"end":{"line":29,"column":null}},"loc":{"start":{"line":31,"column":2},"end":{"line":45,"column":null}},"line":31},"1":{"name":"(anonymous_1)","decl":{"start":{"line":41,"column":26},"end":{"line":41,"column":27}},"loc":{"start":{"line":41,"column":41},"end":{"line":41,"column":null}},"line":41}},"branchMap":{},"s":{"0":0,"1":0,"2":0,"3":0,"4":0},"f":{"0":0,"1":0},"b":{},"meta":{"lastBranch":0,"lastFunction":2,"lastStatement":5,"seen":{"f:29:16:29:Infinity":0,"s:38:25:38:Infinity":0,"s:40:2:42:Infinity":1,"s:41:4:41:Infinity":2,"f:41:26:41:27":1,"s:41:41:41:Infinity":3,"s:44:2:44:Infinity":4}}},"/Users/winston/dev/personal/matchina/src/nesting/flattened-child-exit.ts":{"path":"/Users/winston/dev/personal/matchina/src/nesting/flattened-child-exit.ts","statementMap":{"0":{"start":{"line":19,"column":30},"end":{"line":19,"column":null}},"1":{"start":{"line":22,"column":2},"end":{"line":44,"column":null}},"2":{"start":{"line":24,"column":6},"end":{"line":42,"column":null}},"3":{"start":{"line":26,"column":23},"end":{"line":26,"column":null}},"4":{"start":{"line":29,"column":29},"end":{"line":29,"column":null}},"5":{"start":{"line":30,"column":8},"end":{"line":39,"column":null}},"6":{"start":{"line":31,"column":26},"end":{"line":31,"column":null}},"7":{"start":{"line":33,"column":10},"end":{"line":38,"column":null}},"8":{"start":{"line":35,"column":12},"end":{"line":37,"column":null}},"9":{"start":{"line":36,"column":14},"end":{"line":36,"column":null}},"10":{"start":{"line":41,"column":8},"end":{"line":41,"column":null}},"11":{"start":{"line":46,"column":2},"end":{"line":46,"column":null}},"12":{"start":{"line":51,"column":2},"end":{"line":53,"column":null}},"13":{"start":{"line":52,"column":4},"end":{"line":52,"column":null}},"14":{"start":{"line":56,"column":22},"end":{"line":56,"column":null}},"15":{"start":{"line":57,"column":2},"end":{"line":59,"column":null}},"16":{"start":{"line":58,"column":4},"end":{"line":58,"column":null}},"17":{"start":{"line":62,"column":20},"end":{"line":62,"column":null}},"18":{"start":{"line":63,"column":2},"end":{"line":84,"column":null}},"19":{"start":{"line":64,"column":22},"end":{"line":64,"column":null}},"20":{"start":{"line":67,"column":24},"end":{"line":69,"column":null}},"21":{"start":{"line":68,"column":6},"end":{"line":68,"column":null}},"22":{"start":{"line":73,"column":35},"end":{"line":78,"column":null}},"23":{"start":{"line":74,"column":6},"end":{"line":76,"column":null}},"24":{"start":{"line":75,"column":8},"end":{"line":75,"column":null}},"25":{"start":{"line":77,"column":6},"end":{"line":77,"column":null}},"26":{"start":{"line":81,"column":4},"end":{"line":83,"column":null}},"27":{"start":{"line":82,"column":6},"end":{"line":82,"column":null}},"28":{"start":{"line":86,"column":2},"end":{"line":86,"column":null}}},"fnMap":{"0":{"name":"withFlattenedChildExit","decl":{"start":{"line":15,"column":16},"end":{"line":15,"column":null}},"loc":{"start":{"line":18,"column":2},"end":{"line":47,"column":null}},"line":18},"1":{"name":"(anonymous_1)","decl":{"start":{"line":23,"column":9},"end":{"line":23,"column":10}},"loc":{"start":{"line":23,"column":32},"end":{"line":43,"column":5}},"line":23},"2":{"name":"(anonymous_2)","decl":{"start":{"line":24,"column":13},"end":{"line":24,"column":14}},"loc":{"start":{"line":24,"column":44},"end":{"line":42,"column":null}},"line":24},"3":{"name":"(anonymous_3)","decl":{"start":{"line":35,"column":35},"end":{"line":35,"column":41}},"loc":{"start":{"line":35,"column":41},"end":{"line":37,"column":13}},"line":35},"4":{"name":"isChildFinal","decl":{"start":{"line":49,"column":9},"end":{"line":49,"column":22}},"loc":{"start":{"line":49,"column":57},"end":{"line":87,"column":null}},"line":49},"5":{"name":"(anonymous_5)","decl":{"start":{"line":67,"column":64},"end":{"line":67,"column":null}},"loc":{"start":{"line":68,"column":6},"end":{"line":68,"column":null}},"line":68},"6":{"name":"(anonymous_6)","decl":{"start":{"line":73,"column":67},"end":{"line":73,"column":77}},"loc":{"start":{"line":73,"column":77},"end":{"line":78,"column":5}},"line":73}},"branchMap":{"0":{"loc":{"start":{"line":17,"column":2},"end":{"line":17,"column":null}},"type":"default-arg","locations":[{"start":{"line":17,"column":39},"end":{"line":17,"column":null}}],"line":17},"1":{"loc":{"start":{"line":19,"column":10},"end":{"line":19,"column":26}},"type":"default-arg","locations":[{"start":{"line":19,"column":22},"end":{"line":19,"column":26}}],"line":19},"2":{"loc":{"start":{"line":30,"column":8},"end":{"line":39,"column":null}},"type":"if","locations":[{"start":{"line":30,"column":8},"end":{"line":39,"column":null}},{"start":{},"end":{}}],"line":30},"3":{"loc":{"start":{"line":30,"column":12},"end":{"line":30,"column":86}},"type":"binary-expr","locations":[{"start":{"line":30,"column":12},"end":{"line":30,"column":28}},{"start":{"line":30,"column":28},"end":{"line":30,"column":48}},{"start":{"line":30,"column":48},"end":{"line":30,"column":86}}],"line":30},"4":{"loc":{"start":{"line":33,"column":10},"end":{"line":38,"column":null}},"type":"if","locations":[{"start":{"line":33,"column":10},"end":{"line":38,"column":null}},{"start":{},"end":{}}],"line":33},"5":{"loc":{"start":{"line":33,"column":14},"end":{"line":33,"column":48}},"type":"binary-expr","locations":[{"start":{"line":33,"column":14},"end":{"line":33,"column":25}},{"start":{"line":33,"column":25},"end":{"line":33,"column":48}}],"line":33},"6":{"loc":{"start":{"line":51,"column":2},"end":{"line":53,"column":null}},"type":"if","locations":[{"start":{"line":51,"column":2},"end":{"line":53,"column":null}},{"start":{},"end":{}}],"line":51},"7":{"loc":{"start":{"line":57,"column":2},"end":{"line":59,"column":null}},"type":"if","locations":[{"start":{"line":57,"column":2},"end":{"line":59,"column":null}},{"start":{},"end":{}}],"line":57},"8":{"loc":{"start":{"line":57,"column":6},"end":{"line":57,"column":61}},"type":"binary-expr","locations":[{"start":{"line":57,"column":6},"end":{"line":57,"column":22}},{"start":{"line":57,"column":22},"end":{"line":57,"column":61}}],"line":57},"9":{"loc":{"start":{"line":63,"column":2},"end":{"line":84,"column":null}},"type":"if","locations":[{"start":{"line":63,"column":2},"end":{"line":84,"column":null}},{"start":{},"end":{}}],"line":63},"10":{"loc":{"start":{"line":68,"column":6},"end":{"line":68,"column":null}},"type":"binary-expr","locations":[{"start":{"line":68,"column":6},"end":{"line":68,"column":47}},{"start":{"line":68,"column":47},"end":{"line":68,"column":null}}],"line":68},"11":{"loc":{"start":{"line":74,"column":6},"end":{"line":76,"column":null}},"type":"if","locations":[{"start":{"line":74,"column":6},"end":{"line":76,"column":null}},{"start":{},"end":{}}],"line":74},"12":{"loc":{"start":{"line":81,"column":4},"end":{"line":83,"column":null}},"type":"if","locations":[{"start":{"line":81,"column":4},"end":{"line":83,"column":null}},{"start":{},"end":{}}],"line":81},"13":{"loc":{"start":{"line":81,"column":8},"end":{"line":81,"column":61}},"type":"binary-expr","locations":[{"start":{"line":81,"column":8},"end":{"line":81,"column":35}},{"start":{"line":81,"column":35},"end":{"line":81,"column":61}}],"line":81}},"s":{"0":0,"1":0,"2":0,"3":0,"4":0,"5":0,"6":0,"7":0,"8":0,"9":0,"10":0,"11":0,"12":0,"13":0,"14":0,"15":0,"16":0,"17":0,"18":0,"19":0,"20":0,"21":0,"22":0,"23":0,"24":0,"25":0,"26":0,"27":0,"28":0},"f":{"0":0,"1":0,"2":0,"3":0,"4":0,"5":0,"6":0},"b":{"0":[0],"1":[0],"2":[0,0],"3":[0,0,0],"4":[0,0],"5":[0,0],"6":[0,0],"7":[0,0],"8":[0,0],"9":[0,0],"10":[0,0],"11":[0,0],"12":[0,0],"13":[0,0]},"meta":{"lastBranch":14,"lastFunction":7,"lastStatement":29,"seen":{"f:15:16:15:Infinity":0,"b:17:39:17:Infinity":0,"s:19:30:19:Infinity":0,"b:19:22:19:26":1,"s:22:2:44:Infinity":1,"f:23:9:23:10":1,"s:24:6:42:Infinity":2,"f:24:13:24:14":2,"s:26:23:26:Infinity":3,"s:29:29:29:Infinity":4,"b:30:8:39:Infinity:undefined:undefined:undefined:undefined":2,"s:30:8:39:Infinity":5,"b:30:12:30:28:30:28:30:48:30:48:30:86":3,"s:31:26:31:Infinity":6,"b:33:10:38:Infinity:undefined:undefined:undefined:undefined":4,"s:33:10:38:Infinity":7,"b:33:14:33:25:33:25:33:48":5,"s:35:12:37:Infinity":8,"f:35:35:35:41":3,"s:36:14:36:Infinity":9,"s:41:8:41:Infinity":10,"s:46:2:46:Infinity":11,"f:49:9:49:22":4,"b:51:2:53:Infinity:undefined:undefined:undefined:undefined":6,"s:51:2:53:Infinity":12,"s:52:4:52:Infinity":13,"s:56:22:56:Infinity":14,"b:57:2:59:Infinity:undefined:undefined:undefined:undefined":7,"s:57:2:59:Infinity":15,"b:57:6:57:22:57:22:57:61":8,"s:58:4:58:Infinity":16,"s:62:20:62:Infinity":17,"b:63:2:84:Infinity:undefined:undefined:undefined:undefined":9,"s:63:2:84:Infinity":18,"s:64:22:64:Infinity":19,"s:67:24:69:Infinity":20,"f:67:64:67:Infinity":5,"s:68:6:68:Infinity":21,"b:68:6:68:47:68:47:68:Infinity":10,"s:73:35:78:Infinity":22,"f:73:67:73:77":6,"b:74:6:76:Infinity:undefined:undefined:undefined:undefined":11,"s:74:6:76:Infinity":23,"s:75:8:75:Infinity":24,"s:77:6:77:Infinity":25,"b:81:4:83:Infinity:undefined:undefined:undefined:undefined":12,"s:81:4:83:Infinity":26,"b:81:8:81:35:81:35:81:61":13,"s:82:6:82:Infinity":27,"s:86:2:86:Infinity":28}}},"/Users/winston/dev/personal/matchina/src/integrations/valibot.ts":{"path":"/Users/winston/dev/personal/matchina/src/integrations/valibot.ts","statementMap":{"0":{"start":{"line":40,"column":25},"end":{"line":40,"column":null}},"1":{"start":{"line":42,"column":2},"end":{"line":48,"column":null}},"2":{"start":{"line":43,"column":4},"end":{"line":47,"column":null}},"3":{"start":{"line":46,"column":16},"end":{"line":46,"column":null}},"4":{"start":{"line":47,"column":25},"end":{"line":47,"column":null}},"5":{"start":{"line":50,"column":2},"end":{"line":50,"column":null}}},"fnMap":{"0":{"name":"defineValibotStates","decl":{"start":{"line":29,"column":16},"end":{"line":29,"column":null}},"loc":{"start":{"line":31,"column":14},"end":{"line":51,"column":null}},"line":31},"1":{"name":"(anonymous_1)","decl":{"start":{"line":46,"column":10},"end":{"line":46,"column":16}},"loc":{"start":{"line":46,"column":16},"end":{"line":46,"column":null}},"line":46},"2":{"name":"(anonymous_2)","decl":{"start":{"line":47,"column":10},"end":{"line":47,"column":11}},"loc":{"start":{"line":47,"column":25},"end":{"line":47,"column":null}},"line":47}},"branchMap":{"0":{"loc":{"start":{"line":44,"column":6},"end":{"line":47,"column":null}},"type":"cond-expr","locations":[{"start":{"line":46,"column":10},"end":{"line":46,"column":null}},{"start":{"line":47,"column":10},"end":{"line":47,"column":null}}],"line":44},"1":{"loc":{"start":{"line":44,"column":6},"end":{"line":45,"column":null}},"type":"binary-expr","locations":[{"start":{"line":44,"column":6},"end":{"line":44,"column":null}},{"start":{"line":45,"column":6},"end":{"line":45,"column":null}}],"line":44},"2":{"loc":{"start":{"line":45,"column":19},"end":{"line":45,"column":47}},"type":"binary-expr","locations":[{"start":{"line":45,"column":19},"end":{"line":45,"column":45}},{"start":{"line":45,"column":45},"end":{"line":45,"column":47}}],"line":45}},"s":{"0":0,"1":0,"2":0,"3":0,"4":0,"5":0},"f":{"0":0,"1":0,"2":0},"b":{"0":[0,0],"1":[0,0],"2":[0,0]},"meta":{"lastBranch":3,"lastFunction":3,"lastStatement":6,"seen":{"f:29:16:29:Infinity":0,"s:40:25:40:Infinity":0,"s:42:2:48:Infinity":1,"s:43:4:47:Infinity":2,"b:46:10:46:Infinity:47:10:47:Infinity":0,"b:44:6:44:Infinity:45:6:45:Infinity":1,"b:45:19:45:45:45:45:45:47":2,"f:46:10:46:16":1,"s:46:16:46:Infinity":3,"f:47:10:47:11":2,"s:47:25:47:Infinity":4,"s:50:2:50:Infinity":5}}},"/Users/winston/dev/personal/matchina/src/integrations/react.ts":{"path":"/Users/winston/dev/personal/matchina/src/integrations/react.ts","statementMap":{"0":{"start":{"line":5,"column":65},"end":{"line":5,"column":null}},"1":{"start":{"line":5,"column":71},"end":{"line":5,"column":null}},"2":{"start":{"line":28,"column":8},"end":{"line":42,"column":null}},"3":{"start":{"line":30,"column":6},"end":{"line":30,"column":null}},"4":{"start":{"line":30,"column":20},"end":{"line":30,"column":null}},"5":{"start":{"line":31,"column":19},"end":{"line":31,"column":null}},"6":{"start":{"line":32,"column":20},"end":{"line":32,"column":null}},"7":{"start":{"line":33,"column":6},"end":{"line":36,"column":null}},"8":{"start":{"line":34,"column":8},"end":{"line":34,"column":null}},"9":{"start":{"line":35,"column":8},"end":{"line":35,"column":null}},"10":{"start":{"line":37,"column":6},"end":{"line":39,"column":null}},"11":{"start":{"line":38,"column":8},"end":{"line":38,"column":null}},"12":{"start":{"line":44,"column":8},"end":{"line":47,"column":null}},"13":{"start":{"line":45,"column":11},"end":{"line":45,"column":null}},"14":{"start":{"line":49,"column":2},"end":{"line":53,"column":null}},"15":{"start":{"line":60,"column":2},"end":{"line":62,"column":null}},"16":{"start":{"line":61,"column":4},"end":{"line":61,"column":null}},"17":{"start":{"line":63,"column":2},"end":{"line":63,"column":null}}},"fnMap":{"0":{"name":"(anonymous_0)","decl":{"start":{"line":5,"column":65},"end":{"line":5,"column":71}},"loc":{"start":{"line":5,"column":71},"end":{"line":5,"column":null}},"line":5},"1":{"name":"(anonymous_1)","decl":{"start":{"line":5,"column":71},"end":{"line":5,"column":77}},"loc":{"start":{"line":5,"column":77},"end":{"line":5,"column":null}},"line":5},"2":{"name":"useMachineMaybe","decl":{"start":{"line":20,"column":16},"end":{"line":20,"column":null}},"loc":{"start":{"line":27,"column":22},"end":{"line":54,"column":null}},"line":27},"3":{"name":"(anonymous_3)","decl":{"start":{"line":29,"column":4},"end":{"line":29,"column":5}},"loc":{"start":{"line":29,"column":38},"end":{"line":40,"column":null}},"line":29},"4":{"name":"(anonymous_4)","decl":{"start":{"line":30,"column":27},"end":{"line":30,"column":33}},"loc":{"start":{"line":30,"column":33},"end":{"line":30,"column":null}},"line":30},"5":{"name":"(anonymous_5)","decl":{"start":{"line":33,"column":23},"end":{"line":33,"column":24}},"loc":{"start":{"line":33,"column":31},"end":{"line":36,"column":null}},"line":33},"6":{"name":"(anonymous_6)","decl":{"start":{"line":37,"column":13},"end":{"line":37,"column":19}},"loc":{"start":{"line":37,"column":19},"end":{"line":39,"column":null}},"line":37},"7":{"name":"(anonymous_7)","decl":{"start":{"line":45,"column":4},"end":{"line":45,"column":11}},"loc":{"start":{"line":45,"column":11},"end":{"line":45,"column":null}},"line":45},"8":{"name":"useMachine","decl":{"start":{"line":57,"column":16},"end":{"line":57,"column":null}},"loc":{"start":{"line":59,"column":10},"end":{"line":64,"column":null}},"line":59}},"branchMap":{"0":{"loc":{"start":{"line":30,"column":6},"end":{"line":30,"column":null}},"type":"if","locations":[{"start":{"line":30,"column":6},"end":{"line":30,"column":null}},{"start":{},"end":{}}],"line":30},"1":{"loc":{"start":{"line":45,"column":11},"end":{"line":45,"column":null}},"type":"cond-expr","locations":[{"start":{"line":45,"column":21},"end":{"line":45,"column":43}},{"start":{"line":45,"column":43},"end":{"line":45,"column":null}}],"line":45},"2":{"loc":{"start":{"line":50,"column":4},"end":{"line":50,"column":null}},"type":"cond-expr","locations":[{"start":{"line":50,"column":14},"end":{"line":50,"column":28}},{"start":{"line":50,"column":28},"end":{"line":50,"column":null}}],"line":50},"3":{"loc":{"start":{"line":60,"column":2},"end":{"line":62,"column":null}},"type":"if","locations":[{"start":{"line":60,"column":2},"end":{"line":62,"column":null}},{"start":{},"end":{}}],"line":60},"4":{"loc":{"start":{"line":60,"column":6},"end":{"line":60,"column":38}},"type":"binary-expr","locations":[{"start":{"line":60,"column":6},"end":{"line":60,"column":18}},{"start":{"line":60,"column":18},"end":{"line":60,"column":38}}],"line":60}},"s":{"0":0,"1":0,"2":0,"3":0,"4":0,"5":0,"6":0,"7":0,"8":0,"9":0,"10":0,"11":0,"12":0,"13":0,"14":0,"15":0,"16":0,"17":0},"f":{"0":0,"1":0,"2":0,"3":0,"4":0,"5":0,"6":0,"7":0,"8":0},"b":{"0":[0,0],"1":[0,0],"2":[0,0],"3":[0,0],"4":[0,0]},"meta":{"lastBranch":5,"lastFunction":9,"lastStatement":18,"seen":{"s:5:65:5:Infinity":0,"f:5:65:5:71":0,"s:5:71:5:Infinity":1,"f:5:71:5:77":1,"f:20:16:20:Infinity":2,"s:28:8:42:Infinity":2,"f:29:4:29:5":3,"b:30:6:30:Infinity:undefined:undefined:undefined:undefined":0,"s:30:6:30:Infinity":3,"s:30:20:30:Infinity":4,"f:30:27:30:33":4,"s:31:19:31:Infinity":5,"s:32:20:32:Infinity":6,"s:33:6:36:Infinity":7,"f:33:23:33:24":5,"s:34:8:34:Infinity":8,"s:35:8:35:Infinity":9,"s:37:6:39:Infinity":10,"f:37:13:37:19":6,"s:38:8:38:Infinity":11,"s:44:8:47:Infinity":12,"f:45:4:45:11":7,"s:45:11:45:Infinity":13,"b:45:21:45:43:45:43:45:Infinity":1,"s:49:2:53:Infinity":14,"b:50:14:50:28:50:28:50:Infinity":2,"f:57:16:57:Infinity":8,"b:60:2:62:Infinity:undefined:undefined:undefined:undefined":3,"s:60:2:62:Infinity":15,"b:60:6:60:18:60:18:60:38":4,"s:61:4:61:Infinity":16,"s:63:2:63:Infinity":17}}}}}